#
# A fatal error has been detected by the Java Runtime Environment:
#
#  EXCEPTION_ACCESS_VIOLATION (0xc0000005) at pc=0x00007ff9ca666871, pid=15852, tid=18360
#
# JRE version: OpenJDK Runtime Environment Temurin-17.0.5+8 (17.0.5+8) (build 17.0.5+8)
# Java VM: OpenJDK 64-Bit Server VM Temurin-17.0.5+8 (17.0.5+8, mixed mode, emulated-client, tiered, compressed oops, compressed class ptrs, g1 gc, windows-amd64)
# Problematic frame:
# V  [jvm.dll+0x306871]
#
# No core dump will be written. Minidumps are not enabled by default on client versions of Windows
#
# If you would like to submit a bug report, please visit:
#   https://github.com/adoptium/adoptium-support/issues
#

---------------  S U M M A R Y ------------

Command Line: -Dsts.lsp.client=vscode -Dsts.log.file=/dev/null -XX:TieredStopAtLevel=1 -Xlog:jni+resolve=off -Dspring.config.location=file:c:\Users\User\.vscode\extensions\pivotal.vscode-spring-boot-1.43.0\language-server\BOOT-INF\classes\application.properties org.springframework.ide.vscode.boot.app.BootLanguageServerBootApp

Host: AMD Ryzen 3 3200G with Radeon Vega Graphics    , 4 cores, 5G,  Windows 10 , 64 bit Build 19041 (10.0.19041.2364)
Time: Fri Jan 13 18:47:31 2023 Bangladesh Standard Time elapsed time: 1374.620722 seconds (0d 0h 22m 54s)

---------------  T H R E A D  ---------------

Current thread (0x000001a7cc812630):  GCTaskThread "GC Thread#0" [stack: 0x0000007e2ee00000,0x0000007e2ef00000] [id=18360]

Stack: [0x0000007e2ee00000,0x0000007e2ef00000],  sp=0x0000007e2eeff7e0,  free space=1021k
Native frames: (J=compiled Java code, j=interpreted, Vv=VM code, C=native code)
V  [jvm.dll+0x306871]
V  [jvm.dll+0x2d9cff]
V  [jvm.dll+0x2da50a]
V  [jvm.dll+0x2da607]
V  [jvm.dll+0x2dfbcb]
V  [jvm.dll+0x85e31b]
V  [jvm.dll+0x85e366]
V  [jvm.dll+0x7e17ea]
V  [jvm.dll+0x6759e5]
C  [ucrtbase.dll+0x21bb2]
C  [KERNEL32.DLL+0x17614]
C  [ntdll.dll+0x526a1]


siginfo: EXCEPTION_ACCESS_VIOLATION (0xc0000005), reading address 0x0000000000800000


Register to memory mapping:

RIP=0x00007ff9ca666871 jvm.dll
RAX=0x000001a7cc80ff68 points into unknown readable memory: 0x0000000000000000 | 00 00 00 00 00 00 00 00
RBX=0x00000000a592a58d is pointing into object: org.openrewrite.java.tree.JavaType$Method 
{0x00000000a592a560} - klass: 'org/openrewrite/java/tree/JavaType$Method'
 - ---- fields (total size 7 words):
 - private 'managedReference' 'Ljava/lang/Integer;' @12  NULL (0)
 - private final 'flagsBitMap' 'J' @16  1 (1 0)
 - private 'declaringType' 'Lorg/openrewrite/java/tree/JavaType$FullyQualified;' @24  a 'org/openrewrite/java/tree/JavaType$Class'{0x00000000a5929ed0} (a5929ed0)
 - private final 'name' 'Ljava/lang/String;' @28  "put"{0x00000000a592a598} (a592a598)
 - private 'returnType' 'Lorg/openrewrite/java/tree/JavaType;' @32  a 'org/openrewrite/java/tree/JavaType$Primitive'{0x00000000a22fa300} (a22fa300)
 - private final 'parameterNames' 'Ljava/util/List;' @36  a 'java/util/ArrayList'{0x00000000a592c268} (a592c268)
 - private 'parameterTypes' 'Ljava/util/List;' @40  a 'java/util/ArrayList'{0x00000000a592c2f8} (a592c2f8)
 - private 'thrownExceptions' 'Ljava/util/List;' @44  
[error occurred during error reporting (printing register info), id 0xc0000005, EXCEPTION_ACCESS_VIOLATION (0xc0000005) at pc=0x00007ff9ca6efb9e]

Registers:
RAX=0x000001a7cc80ff68, RBX=0x00000000a592a58d, RCX=0x0000000000000000, RDX=0x0000000000000008
RSP=0x0000007e2eeff7e0, RBP=0x000000000000ec08, RSI=0x00000000a592a58c, RDI=0x000001a7da28f960
R8 =0x00000000a592c310, R9 =0x00000000a22fa440, R10=0x0000000000800000, R11=0x0000000000000001
R12=0x000001a7cc7d7898, R13=0x0000007e2eeff940, R14=0x0000000000000000, R15=0x0000000000000000
RIP=0x00007ff9ca666871, EFLAGS=0x0000000000010246

Top of Stack: (sp=0x0000007e2eeff7e0)
0x0000007e2eeff7e0:   00000000a7e90100 0000000000000100
0x0000007e2eeff7f0:   000001a7cc7e0001 0000000000000021
0x0000007e2eeff800:   0000007e2eeff948 0000000000000001
0x0000007e2eeff810:   0000000000000008 000001a7cc7d0820
0x0000007e2eeff820:   000001a7cc7d74c0 000001a7cc7d74c0
0x0000007e2eeff830:   000001a7da28f960 0000007e2f3fec00
0x0000007e2eeff840:   0000000000000013 0000007e2eeff8c0
0x0000007e2eeff850:   0000000000000000 00007ff9ca639cff
0x0000007e2eeff860:   000001a7cc7d7898 000000000000000e
0x0000007e2eeff870:   0000000000000000 00007ff900000001
0x0000007e2eeff880:   0000000000000004 00007ff9ca65b107
0x0000007e2eeff890:   0000000000000000 0000000000000000
0x0000007e2eeff8a0:   0000007e2eef0000 00007ff9cab4fd7e
0x0000007e2eeff8b0:   0000000000000000 0000000000000000
0x0000007e2eeff8c0:   000001a7cc7d74c0 000001a7d95a7430
0x0000007e2eeff8d0:   00000000000003d8 000001a7cc7d7898 

Instructions: (pc=0x00007ff9ca666871)
0x00007ff9ca666771:   1b fd ff ff 66 66 66 0f 1f 84 00 00 00 00 00 48
0x00007ff9ca666781:   8b 77 10 8b ae 80 00 00 00 8b cd 8b 86 00 01 00
0x00007ff9ca666791:   00 2b c8 81 e1 ff ff 01 00 41 3b ce 0f 86 06 03
0x00007ff9ca6667a1:   00 00 ff cd 81 e5 ff ff 01 00 89 ae 80 00 00 00
0x00007ff9ca6667b1:   e8 ea 12 36 00 8b 86 00 01 00 00 8b cd 48 8b 9e
0x00007ff9ca6667c1:   80 01 00 00 2b c8 81 e1 ff ff 01 00 8b d5 81 f9
0x00007ff9ca6667d1:   ff ff 01 00 48 8b 1c eb 41 0f 44 cf 85 c9 75 41
0x00007ff9ca6667e1:   48 8b 86 00 01 00 00 48 8b c8 48 89 44 24 28 48
0x00007ff9ca6667f1:   c1 e9 20 ff c1 89 6c 24 20 89 4c 24 24 3b e8 0f
0x00007ff9ca666801:   85 91 02 00 00 48 c1 e1 20 48 0b ca f0 48 0f b1
0x00007ff9ca666811:   8e 00 01 00 00 0f 85 7b 02 00 00 8b 86 00 01 00
0x00007ff9ca666821:   00 f6 c3 01 0f 84 3c 01 00 00 8b 0d a7 4a 7f 00
0x00007ff9ca666831:   48 8d 73 ff 48 8b 47 08 44 8b 16 49 d3 e2 4c 03
0x00007ff9ca666841:   15 8a 4a 7f 00 8b 88 90 05 00 00 49 8b d2 48 8b
0x00007ff9ca666851:   80 80 05 00 00 48 d3 ea 0f b7 0c 50 66 89 8c 24
0x00007ff9ca666861:   90 00 00 00 66 c1 e9 08 84 c9 0f 88 0f ff ff ff
0x00007ff9ca666871:   4d 8b 02 41 0f b6 c0 24 03 3c 03 75 1e 44 38 3d
0x00007ff9ca666881:   3b 0c 86 00 74 0f 41 0f b6 c0 24 07 3c 05 75 05
0x00007ff9ca666891:   4d 8b c7 eb 1f 49 83 e0 fc eb 19 0f b7 94 24 90
0x00007ff9ca6668a1:   00 00 00 4d 8b c8 4d 8b c2 48 8b cf e8 1e ef ff
0x00007ff9ca6668b1:   ff 4c 8b c0 8b 0d 1d 4a 7f 00 49 8b d0 48 2b 15
0x00007ff9ca6668c1:   0b 4a 7f 00 48 d3 ea 89 16 49 8b d0 8b 0d 6d 14
0x00007ff9ca6668d1:   86 00 48 33 d6 48 d3 ea 48 85 d2 0f 84 9e fe ff
0x00007ff9ca6668e1:   ff 48 8b 47 08 48 8b d6 8b 88 c0 01 00 00 48 8b
0x00007ff9ca6668f1:   80 b0 01 00 00 48 d3 ea 48 8b 0c d0 8b 81 94 00
0x00007ff9ca666901:   00 00 d1 e8 a8 01 0f 85 73 fe ff ff 48 8b 47 08
0x00007ff9ca666911:   8b 88 90 05 00 00 48 8b 80 80 05 00 00 49 d3 e8
0x00007ff9ca666921:   46 38 3c 40 0f 84 55 fe ff ff 48 8b 47 60 48 c1
0x00007ff9ca666931:   ee 09 48 8b 58 40 48 8b 48 38 48 03 de 48 2b d9
0x00007ff9ca666941:   48 39 9f b0 01 00 00 0f 84 32 fe ff ff 48 8d 14
0x00007ff9ca666951:   0b 48 8d 4f 18 e8 c5 40 00 00 48 89 9f b0 01 00
0x00007ff9ca666961:   00 e9 19 fe ff ff f6 c3 03 0f 85 16 01 00 00 48 


Stack slot to memory mapping:
stack at sp + 0 slots: 0x00000000a7e90100 is pointing into object: [Ljava.util.HashMap$Node; 
{0x00000000a7e8fee8} - klass: 'java/util/HashMap$Node'[]
 - length: 512
stack at sp + 1 slots: 0x0000000000000100 is an unknown value
stack at sp + 2 slots: 0x000001a7cc7e0001 points into unknown readable memory: 65 2e 30 00 00 00 00
stack at sp + 3 slots: 0x0000000000000021 is an unknown value
stack at sp + 4 slots: 0x0000007e2eeff948 points into unknown readable memory: 0x0000000000000000 | 00 00 00 00 00 00 00 00
stack at sp + 5 slots: 0x0000000000000001 is an unknown value
stack at sp + 6 slots: 0x0000000000000008 is an unknown value
stack at sp + 7 slots: 0x000001a7cc7d0820 points into unknown readable memory: 0x000001a7cc7d0d60 | 60 0d 7d cc a7 01 00 00


---------------  P R O C E S S  ---------------

Threads class SMR info:
_java_thread_list=0x000001a7dcf208a0, length=36, elements={
0x000001a7d7fca740, 0x000001a7d7fcb5b0, 0x000001a7d7ffa800, 0x000001a7d7ffd390,
0x000001a7d7ffed50, 0x000001a7d7fff700, 0x000001a7d8000160, 0x000001a7d8000b50,
0x000001a7d8ddaa50, 0x000001a7d8de6f40, 0x000001a7d8cd9b40, 0x000001a7d9f61e20,
0x000001a7da0cc230, 0x000001a7cc7c2aa0, 0x000001a7d9ccb940, 0x000001a7d9e05c90,
0x000001a7d9ec3570, 0x000001a7d9ec3a40, 0x000001a7d9ec2700, 0x000001a7d9ec1d60,
0x000001a7d9ec2bd0, 0x000001a7dc6ae3d0, 0x000001a7d951e2e0, 0x000001a7d9697760,
0x000001a7dc6ae8a0, 0x000001a7d951d940, 0x000001a7da398790, 0x000001a7da7c0880,
0x000001a7dc6af240, 0x000001a7d951de10, 0x000001a7da397450, 0x000001a7da5178e0,
0x000001a7da7c2560, 0x000001a7da7c2a30, 0x000001a7da518280, 0x000001a7da3965e0
}

Java Threads: ( => current thread )
  0x000001a7d7fca740 JavaThread "Reference Handler" daemon [_thread_blocked, id=6836, stack(0x0000007e2f400000,0x0000007e2f500000)]
  0x000001a7d7fcb5b0 JavaThread "Finalizer" daemon [_thread_blocked, id=11532, stack(0x0000007e2f500000,0x0000007e2f600000)]
  0x000001a7d7ffa800 JavaThread "Signal Dispatcher" daemon [_thread_blocked, id=12020, stack(0x0000007e2f600000,0x0000007e2f700000)]
  0x000001a7d7ffd390 JavaThread "Attach Listener" daemon [_thread_blocked, id=1672, stack(0x0000007e2f700000,0x0000007e2f800000)]
  0x000001a7d7ffed50 JavaThread "Service Thread" daemon [_thread_blocked, id=12776, stack(0x0000007e2f800000,0x0000007e2f900000)]
  0x000001a7d7fff700 JavaThread "Monitor Deflation Thread" daemon [_thread_blocked, id=12768, stack(0x0000007e2f900000,0x0000007e2fa00000)]
  0x000001a7d8000160 JavaThread "C1 CompilerThread0" daemon [_thread_blocked, id=9288, stack(0x0000007e2fa00000,0x0000007e2fb00000)]
  0x000001a7d8000b50 JavaThread "Sweeper thread" daemon [_thread_blocked, id=8708, stack(0x0000007e2fb00000,0x0000007e2fc00000)]
  0x000001a7d8ddaa50 JavaThread "Notification Thread" daemon [_thread_blocked, id=8024, stack(0x0000007e2fc00000,0x0000007e2fd00000)]
  0x000001a7d8de6f40 JavaThread "Common-Cleaner" daemon [_thread_blocked, id=11716, stack(0x0000007e2fe00000,0x0000007e2ff00000)]
  0x000001a7d8cd9b40 JavaThread "boundedElastic-evictor-1" daemon [_thread_blocked, id=17732, stack(0x0000007e30400000,0x0000007e30500000)]
  0x000001a7d9f61e20 JavaThread "pool-11-thread-1" [_thread_blocked, id=18488, stack(0x0000007e30500000,0x0000007e30600000)]
  0x000001a7da0cc230 JavaThread "LanguageServerApp-lifecycle" [_thread_blocked, id=14688, stack(0x0000007e30600000,0x0000007e30700000)]
  0x000001a7cc7c2aa0 JavaThread "DestroyJavaVM" [_thread_blocked, id=8092, stack(0x0000007e2ed00000,0x0000007e2ee00000)]
  0x000001a7d9ccb940 JavaThread "pool-12-thread-1" [_thread_blocked, id=7280, stack(0x0000007e30700000,0x0000007e30800000)]
  0x000001a7d9e05c90 JavaThread "Simple-Language-Server main thread" daemon [_thread_blocked, id=16656, stack(0x0000007e30800000,0x0000007e30900000)]
  0x000001a7d9ec3570 JavaThread "pool-8-thread-1" [_thread_blocked, id=11732, stack(0x0000007e30c00000,0x0000007e30d00000)]
  0x000001a7d9ec3a40 JavaThread "parallel-1" daemon [_thread_blocked, id=3440, stack(0x0000007e30d00000,0x0000007e30e00000)]
  0x000001a7d9ec2700 JavaThread "parallel-2" daemon [_thread_blocked, id=8412, stack(0x0000007e30e00000,0x0000007e30f00000)]
  0x000001a7d9ec1d60 JavaThread "parallel-3" daemon [_thread_blocked, id=14860, stack(0x0000007e31100000,0x0000007e31200000)]
  0x000001a7d9ec2bd0 JavaThread "Reconciler-1" daemon [_thread_blocked, id=6536, stack(0x0000007e31500000,0x0000007e31600000)]
  0x000001a7dc6ae3d0 JavaThread "parallel-4" daemon [_thread_blocked, id=10076, stack(0x0000007e31700000,0x0000007e31800000)]
  0x000001a7d951e2e0 JavaThread "pool-6-thread-1" [_thread_blocked, id=7828, stack(0x0000007e31900000,0x0000007e31a00000)]
  0x000001a7d9697760 JavaThread "pool-10-thread-1" [_thread_blocked, id=2352, stack(0x0000007e31a00000,0x0000007e31b00000)]
  0x000001a7dc6ae8a0 JavaThread "pool-10-thread-2" [_thread_blocked, id=11132, stack(0x0000007e31b00000,0x0000007e31c00000)]
  0x000001a7d951d940 JavaThread "pool-10-thread-3" [_thread_blocked, id=8980, stack(0x0000007e31e00000,0x0000007e31f00000)]
  0x000001a7da398790 JavaThread "ForkJoinPool.commonPool-worker-12" daemon [_thread_blocked, id=1668, stack(0x0000007e2eb00000,0x0000007e2ec00000)]
  0x000001a7da7c0880 JavaThread "pool-5-thread-21" [_thread_blocked, id=16280, stack(0x0000007e30900000,0x0000007e30a00000)]
  0x000001a7dc6af240 JavaThread "ForkJoinPool.commonPool-worker-13" daemon [_thread_blocked, id=2436, stack(0x0000007e30a00000,0x0000007e30b00000)]
  0x000001a7d951de10 JavaThread "ForkJoinPool.commonPool-worker-14" daemon [_thread_blocked, id=19136, stack(0x0000007e30b00000,0x0000007e30c00000)]
  0x000001a7da397450 JavaThread "ForkJoinPool-1-worker-9" daemon [_thread_blocked, id=18972, stack(0x0000007e31000000,0x0000007e31100000)]
  0x000001a7da5178e0 JavaThread "pool-2-thread-8" [_thread_blocked, id=16180, stack(0x0000007e31400000,0x0000007e31500000)]
  0x000001a7da7c2560 JavaThread "pool-2-thread-9" [_thread_blocked, id=12596, stack(0x0000007e31200000,0x0000007e31300000)]
  0x000001a7da7c2a30 JavaThread "ForkJoinPool.commonPool-worker-15" daemon [_thread_blocked, id=14340, stack(0x0000007e31300000,0x0000007e31400000)]
  0x000001a7da518280 JavaThread "pool-5-thread-23" [_thread_blocked, id=10928, stack(0x0000007e2ec00000,0x0000007e2ed00000)]
  0x000001a7da3965e0 JavaThread "pool-5-thread-24" [_thread_blocked, id=12932, stack(0x0000007e30f00000,0x0000007e31000000)]

Other Threads:
  0x000001a7d7f7c700 VMThread "VM Thread" [stack: 0x0000007e2f300000,0x0000007e2f400000] [id=11820]
  0x000001a7d8ddef30 WatcherThread [stack: 0x0000007e2fd00000,0x0000007e2fe00000] [id=15380]
=>0x000001a7cc812630 GCTaskThread "GC Thread#0" [stack: 0x0000007e2ee00000,0x0000007e2ef00000] [id=18360]
  0x000001a7d95b0190 GCTaskThread "GC Thread#1" [stack: 0x0000007e30000000,0x0000007e30100000] [id=14204]
  0x000001a7d95c3d20 GCTaskThread "GC Thread#2" [stack: 0x0000007e30100000,0x0000007e30200000] [id=18916]
  0x000001a7d97f9730 GCTaskThread "GC Thread#3" [stack: 0x0000007e30300000,0x0000007e30400000] [id=944]
  0x000001a7cc81f3f0 ConcurrentGCThread "G1 Main Marker" [stack: 0x0000007e2ef00000,0x0000007e2f000000] [id=7712]
  0x000001a7cc81fe00 ConcurrentGCThread "G1 Conc#0" [stack: 0x0000007e2f000000,0x0000007e2f100000] [id=9156]
  0x000001a7cc87f490 ConcurrentGCThread "G1 Refine#0" [stack: 0x0000007e2f100000,0x0000007e2f200000] [id=17600]
  0x000001a7dc500bb0 ConcurrentGCThread "G1 Refine#1" [stack: 0x0000007e31d00000,0x0000007e31e00000] [id=12876]
  0x000001a7dc6b2b80 ConcurrentGCThread "G1 Refine#2" [stack: 0x0000007e2ff00000,0x0000007e30000000] [id=15880]
  0x000001a7dc7ed700 ConcurrentGCThread "G1 Refine#3" [stack: 0x0000007e30200000,0x0000007e30300000] [id=15516]
  0x000001a7cc87feb0 ConcurrentGCThread "G1 Service" [stack: 0x0000007e2f200000,0x0000007e2f300000] [id=16420]

Threads with active compile tasks:

VM state: at safepoint (normal execution)

VM Mutex/Monitor currently owned by a thread:  ([mutex/lock_event])
[0x000001a7ca726ca0] Threads_lock - owner thread: 0x000001a7d7f7c700
[0x000001a7cc7bf590] Heap_lock - owner thread: 0x000001a7d951e2e0

Heap address: 0x00000000a0c00000, size: 1524 MB, Compressed Oops mode: 32-bit

CDS archive(s) not mapped
Compressed class space mapped at: 0x0000000100000000-0x0000000140000000, reserved size: 1073741824
Narrow klass base: 0x0000000000000000, Narrow klass shift: 3, Narrow klass range: 0x140000000

GC Precious Log:
 CPUs: 4 total, 4 available
 Memory: 6092M
 Large Page Support: Disabled
 NUMA Support: Disabled
 Compressed Oops: Enabled (32-bit)
 Heap Region Size: 1M
 Heap Min Capacity: 8M
 Heap Initial Capacity: 96M
 Heap Max Capacity: 1524M
 Pre-touch: Disabled
 Parallel Workers: 4
 Concurrent Workers: 1
 Concurrent Refinement Workers: 4
 Periodic GC: Disabled

Heap:
 garbage-first heap   total 270336K, used 101850K [0x00000000a0c00000, 0x0000000100000000)
  region size 1024K, 6 young (6144K), 2 survivors (2048K)
 Metaspace       used 69344K, committed 69888K, reserved 1114112K
  class space    used 9411K, committed 9664K, reserved 1048576K

Heap Regions: E=young(eden), S=young(survivor), O=old, HS=humongous(starts), HC=humongous(continues), CS=collection set, F=free, OA=open archive, CA=closed archive, TAMS=top-at-mark-start (previous, next)
|   0|0x00000000a0c00000, 0x00000000a0d00000, 0x00000000a0d00000|100%| O|  |TAMS 0x00000000a0d00000, 0x00000000a0c00000| Untracked 
|   1|0x00000000a0d00000, 0x00000000a0e00000, 0x00000000a0e00000|100%| O|  |TAMS 0x00000000a0e00000, 0x00000000a0d00000| Untracked 
|   2|0x00000000a0e00000, 0x00000000a0efffd8, 0x00000000a0f00000| 99%| O|  |TAMS 0x00000000a0efffd8, 0x00000000a0e00000| Untracked 
|   3|0x00000000a0f00000, 0x00000000a1000000, 0x00000000a1000000|100%| O|  |TAMS 0x00000000a1000000, 0x00000000a0f00000| Untracked 
|   4|0x00000000a1000000, 0x00000000a1100000, 0x00000000a1100000|100%| O|  |TAMS 0x00000000a1100000, 0x00000000a1000000| Untracked 
|   5|0x00000000a1100000, 0x00000000a11fffe8, 0x00000000a1200000| 99%| O|  |TAMS 0x00000000a11fffe8, 0x00000000a1100000| Untracked 
|   6|0x00000000a1200000, 0x00000000a12fffb0, 0x00000000a1300000| 99%| O|  |TAMS 0x00000000a12fffb0, 0x00000000a1200000| Untracked 
|   7|0x00000000a1300000, 0x00000000a13fffc8, 0x00000000a1400000| 99%| O|  |TAMS 0x00000000a13fffc8, 0x00000000a1300000| Untracked 
|   8|0x00000000a1400000, 0x00000000a14fffd8, 0x00000000a1500000| 99%| O|  |TAMS 0x00000000a14fffd8, 0x00000000a1400000| Untracked 
|   9|0x00000000a1500000, 0x00000000a15fffd8, 0x00000000a1600000| 99%| O|  |TAMS 0x00000000a15fffd8, 0x00000000a1500000| Untracked 
|  10|0x00000000a1600000, 0x00000000a16fff88, 0x00000000a1700000| 99%| O|  |TAMS 0x00000000a16fff88, 0x00000000a1600000| Untracked 
|  11|0x00000000a1700000, 0x00000000a17fffd0, 0x00000000a1800000| 99%| O|  |TAMS 0x00000000a17fffd0, 0x00000000a1700000| Untracked 
|  12|0x00000000a1800000, 0x00000000a18fffc0, 0x00000000a1900000| 99%| O|  |TAMS 0x00000000a18fffc0, 0x00000000a1800000| Untracked 
|  13|0x00000000a1900000, 0x00000000a19ffff8, 0x00000000a1a00000| 99%| O|  |TAMS 0x00000000a19ffff8, 0x00000000a1900000| Untracked 
|  14|0x00000000a1a00000, 0x00000000a1af6fe8, 0x00000000a1b00000| 96%| O|  |TAMS 0x00000000a1af6fe8, 0x00000000a1a00000| Untracked 
|  15|0x00000000a1b00000, 0x00000000a1bfffe0, 0x00000000a1c00000| 99%| O|  |TAMS 0x00000000a1bfffe0, 0x00000000a1b00000| Untracked 
|  16|0x00000000a1c00000, 0x00000000a1cfffe8, 0x00000000a1d00000| 99%| O|  |TAMS 0x00000000a1cfffe8, 0x00000000a1c00000| Untracked 
|  17|0x00000000a1d00000, 0x00000000a1dffff8, 0x00000000a1e00000| 99%| O|  |TAMS 0x00000000a1dffff8, 0x00000000a1d00000| Untracked 
|  18|0x00000000a1e00000, 0x00000000a1efffc8, 0x00000000a1f00000| 99%| O|  |TAMS 0x00000000a1efffc8, 0x00000000a1e00000| Untracked 
|  19|0x00000000a1f00000, 0x00000000a1ffffb8, 0x00000000a2000000| 99%| O|  |TAMS 0x00000000a1ffffb8, 0x00000000a1f00000| Untracked 
|  20|0x00000000a2000000, 0x00000000a20ffff0, 0x00000000a2100000| 99%| O|  |TAMS 0x00000000a20ffff0, 0x00000000a2000000| Untracked 
|  21|0x00000000a2100000, 0x00000000a2200000, 0x00000000a2200000|100%| O|  |TAMS 0x00000000a2200000, 0x00000000a2100000| Untracked 
|  22|0x00000000a2200000, 0x00000000a22ffff8, 0x00000000a2300000| 99%| O|  |TAMS 0x00000000a22ffff8, 0x00000000a2200000| Untracked 
|  23|0x00000000a2300000, 0x00000000a23ffff0, 0x00000000a2400000| 99%| O|  |TAMS 0x00000000a23ffff0, 0x00000000a2300000| Untracked 
|  24|0x00000000a2400000, 0x00000000a24fee28, 0x00000000a2500000| 99%| O|  |TAMS 0x00000000a24fee28, 0x00000000a2400000| Untracked 
|  25|0x00000000a2500000, 0x00000000a25fffe8, 0x00000000a2600000| 99%| O|  |TAMS 0x00000000a25fffe8, 0x00000000a2500000| Untracked 
|  26|0x00000000a2600000, 0x00000000a2700000, 0x00000000a2700000|100%| O|  |TAMS 0x00000000a2700000, 0x00000000a2600000| Untracked 
|  27|0x00000000a2700000, 0x00000000a27ffff0, 0x00000000a2800000| 99%| O|  |TAMS 0x00000000a27ffff0, 0x00000000a2700000| Untracked 
|  28|0x00000000a2800000, 0x00000000a28ffff8, 0x00000000a2900000| 99%| O|  |TAMS 0x00000000a28ffff8, 0x00000000a2800000| Untracked 
|  29|0x00000000a2900000, 0x00000000a29fffd0, 0x00000000a2a00000| 99%| O|  |TAMS 0x00000000a29fffd0, 0x00000000a2900000| Untracked 
|  30|0x00000000a2a00000, 0x00000000a2afffe8, 0x00000000a2b00000| 99%| O|  |TAMS 0x00000000a2afffe8, 0x00000000a2a00000| Untracked 
|  31|0x00000000a2b00000, 0x00000000a2bffff8, 0x00000000a2c00000| 99%| O|  |TAMS 0x00000000a2bffff8, 0x00000000a2b00000| Untracked 
|  32|0x00000000a2c00000, 0x00000000a2cffff0, 0x00000000a2d00000| 99%| O|  |TAMS 0x00000000a2cffff0, 0x00000000a2c00000| Untracked 
|  33|0x00000000a2d00000, 0x00000000a2dfffd8, 0x00000000a2e00000| 99%| O|  |TAMS 0x00000000a2dfffd8, 0x00000000a2d00000| Untracked 
|  34|0x00000000a2e00000, 0x00000000a2f00000, 0x00000000a2f00000|100%| O|  |TAMS 0x00000000a2f00000, 0x00000000a2e00000| Untracked 
|  35|0x00000000a2f00000, 0x00000000a3000000, 0x00000000a3000000|100%| O|  |TAMS 0x00000000a3000000, 0x00000000a2f00000| Untracked 
|  36|0x00000000a3000000, 0x00000000a30fffd0, 0x00000000a3100000| 99%| O|  |TAMS 0x00000000a30fffd0, 0x00000000a3000000| Untracked 
|  37|0x00000000a3100000, 0x00000000a3200000, 0x00000000a3200000|100%| O|  |TAMS 0x00000000a3200000, 0x00000000a3100000| Untracked 
|  38|0x00000000a3200000, 0x00000000a3300000, 0x00000000a3300000|100%| O|  |TAMS 0x00000000a3300000, 0x00000000a3200000| Untracked 
|  39|0x00000000a3300000, 0x00000000a3400000, 0x00000000a3400000|100%| O|  |TAMS 0x00000000a3400000, 0x00000000a3300000| Untracked 
|  40|0x00000000a3400000, 0x00000000a34ffff8, 0x00000000a3500000| 99%| O|  |TAMS 0x00000000a34ffff8, 0x00000000a3400000| Untracked 
|  41|0x00000000a3500000, 0x00000000a3600000, 0x00000000a3600000|100%| O|  |TAMS 0x00000000a3500000, 0x00000000a3500000| Untracked 
|  42|0x00000000a3600000, 0x00000000a36ffff8, 0x00000000a3700000| 99%| O|  |TAMS 0x00000000a36ffff8, 0x00000000a3600000| Untracked 
|  43|0x00000000a3700000, 0x00000000a37fff90, 0x00000000a3800000| 99%| O|  |TAMS 0x00000000a37fff90, 0x00000000a3700000| Untracked 
|  44|0x00000000a3800000, 0x00000000a3900000, 0x00000000a3900000|100%| O|  |TAMS 0x00000000a3900000, 0x00000000a3800000| Untracked 
|  45|0x00000000a3900000, 0x00000000a3a00000, 0x00000000a3a00000|100%| O|  |TAMS 0x00000000a3a00000, 0x00000000a3900000| Untracked 
|  46|0x00000000a3a00000, 0x00000000a3affff8, 0x00000000a3b00000| 99%| O|  |TAMS 0x00000000a3affff8, 0x00000000a3a00000| Untracked 
|  47|0x00000000a3b00000, 0x00000000a3bffff8, 0x00000000a3c00000| 99%| O|  |TAMS 0x00000000a3bffff8, 0x00000000a3b00000| Untracked 
|  48|0x00000000a3c00000, 0x00000000a3ceb208, 0x00000000a3d00000| 91%| O|  |TAMS 0x00000000a3ceb208, 0x00000000a3c00000| Untracked 
|  49|0x00000000a3d00000, 0x00000000a3dffff0, 0x00000000a3e00000| 99%| O|  |TAMS 0x00000000a3dffff0, 0x00000000a3d00000| Untracked 
|  50|0x00000000a3e00000, 0x00000000a3effff0, 0x00000000a3f00000| 99%| O|  |TAMS 0x00000000a3effff0, 0x00000000a3e00000| Untracked 
|  51|0x00000000a3f00000, 0x00000000a3ffffe0, 0x00000000a4000000| 99%| O|  |TAMS 0x00000000a3ffffe0, 0x00000000a3f00000| Untracked 
|  52|0x00000000a4000000, 0x00000000a40fbeb8, 0x00000000a4100000| 98%| O|  |TAMS 0x00000000a40fbeb8, 0x00000000a4000000| Untracked 
|  53|0x00000000a4100000, 0x00000000a4200000, 0x00000000a4200000|100%| O|  |TAMS 0x00000000a4100000, 0x00000000a4100000| Untracked 
|  54|0x00000000a4200000, 0x00000000a4300000, 0x00000000a4300000|100%| O|  |TAMS 0x00000000a4300000, 0x00000000a4200000| Untracked 
|  55|0x00000000a4300000, 0x00000000a4400000, 0x00000000a4400000|100%| O|  |TAMS 0x00000000a4400000, 0x00000000a4300000| Untracked 
|  56|0x00000000a4400000, 0x00000000a4500000, 0x00000000a4500000|100%| O|  |TAMS 0x00000000a4500000, 0x00000000a4400000| Untracked 
|  57|0x00000000a4500000, 0x00000000a4600000, 0x00000000a4600000|100%| O|  |TAMS 0x00000000a4500000, 0x00000000a4500000| Untracked 
|  58|0x00000000a4600000, 0x00000000a4700000, 0x00000000a4700000|100%| O|  |TAMS 0x00000000a4700000, 0x00000000a4600000| Untracked 
|  59|0x00000000a4700000, 0x00000000a4800000, 0x00000000a4800000|100%| O|  |TAMS 0x00000000a4700000, 0x00000000a4700000| Untracked 
|  60|0x00000000a4800000, 0x00000000a4900000, 0x00000000a4900000|100%| O|  |TAMS 0x00000000a4800000, 0x00000000a4800000| Untracked 
|  61|0x00000000a4900000, 0x00000000a4a00000, 0x00000000a4a00000|100%| O|CS|TAMS 0x00000000a4a00000, 0x00000000a4900000| Complete 
|  62|0x00000000a4a00000, 0x00000000a4b00000, 0x00000000a4b00000|100%| O|  |TAMS 0x00000000a4b00000, 0x00000000a4a00000| Untracked 
|  63|0x00000000a4b00000, 0x00000000a4c00000, 0x00000000a4c00000|100%| O|  |TAMS 0x00000000a4c00000, 0x00000000a4b00000| Untracked 
|  64|0x00000000a4c00000, 0x00000000a4cffff8, 0x00000000a4d00000| 99%| O|  |TAMS 0x00000000a4cffff8, 0x00000000a4c00000| Untracked 
|  65|0x00000000a4d00000, 0x00000000a4e00000, 0x00000000a4e00000|100%| O|  |TAMS 0x00000000a4e00000, 0x00000000a4d00000| Untracked 
|  66|0x00000000a4e00000, 0x00000000a4f00000, 0x00000000a4f00000|100%| O|  |TAMS 0x00000000a4e00000, 0x00000000a4e00000| Untracked 
|  67|0x00000000a4f00000, 0x00000000a5000000, 0x00000000a5000000|100%| O|  |TAMS 0x00000000a5000000, 0x00000000a4f00000| Untracked 
|  68|0x00000000a5000000, 0x00000000a5100000, 0x00000000a5100000|100%| O|  |TAMS 0x00000000a5100000, 0x00000000a5000000| Untracked 
|  69|0x00000000a5100000, 0x00000000a5200000, 0x00000000a5200000|100%| O|  |TAMS 0x00000000a5200000, 0x00000000a5100000| Untracked 
|  70|0x00000000a5200000, 0x00000000a5300000, 0x00000000a5300000|100%| O|  |TAMS 0x00000000a5300000, 0x00000000a5200000| Untracked 
|  71|0x00000000a5300000, 0x00000000a5400000, 0x00000000a5400000|100%| O|  |TAMS 0x00000000a5400000, 0x00000000a5300000| Untracked 
|  72|0x00000000a5400000, 0x00000000a5500000, 0x00000000a5500000|100%| O|  |TAMS 0x00000000a5400000, 0x00000000a5400000| Untracked 
|  73|0x00000000a5500000, 0x00000000a5600000, 0x00000000a5600000|100%| O|  |TAMS 0x00000000a5600000, 0x00000000a5500000| Untracked 
|  74|0x00000000a5600000, 0x00000000a5700000, 0x00000000a5700000|100%| O|CS|TAMS 0x00000000a5700000, 0x00000000a5600000| Complete 
|  75|0x00000000a5700000, 0x00000000a5800000, 0x00000000a5800000|100%| O|  |TAMS 0x00000000a57e4a00, 0x00000000a5700000| Untracked 
|  76|0x00000000a5800000, 0x00000000a5900000, 0x00000000a5900000|100%| O|  |TAMS 0x00000000a5900000, 0x00000000a5800000| Untracked 
|  77|0x00000000a5900000, 0x00000000a5a00000, 0x00000000a5a00000|100%| O|  |TAMS 0x00000000a5900000, 0x00000000a5900000| Untracked 
|  78|0x00000000a5a00000, 0x00000000a5a39080, 0x00000000a5b00000| 22%| O|  |TAMS 0x00000000a5a00000, 0x00000000a5a00000| Untracked 
|  79|0x00000000a5b00000, 0x00000000a5b00000, 0x00000000a5c00000|  0%| F|  |TAMS 0x00000000a5b00000, 0x00000000a5b00000| Untracked 
|  80|0x00000000a5c00000, 0x00000000a5c00000, 0x00000000a5d00000|  0%| F|  |TAMS 0x00000000a5c00000, 0x00000000a5c00000| Untracked 
|  81|0x00000000a5d00000, 0x00000000a5d00000, 0x00000000a5e00000|  0%| F|  |TAMS 0x00000000a5d00000, 0x00000000a5d00000| Untracked 
|  82|0x00000000a5e00000, 0x00000000a5e00000, 0x00000000a5f00000|  0%| F|  |TAMS 0x00000000a5e00000, 0x00000000a5e00000| Untracked 
|  83|0x00000000a5f00000, 0x00000000a5f00000, 0x00000000a6000000|  0%| F|  |TAMS 0x00000000a5f00000, 0x00000000a5f00000| Untracked 
|  84|0x00000000a6000000, 0x00000000a6000000, 0x00000000a6100000|  0%| F|  |TAMS 0x00000000a6000000, 0x00000000a6000000| Untracked 
|  85|0x00000000a6100000, 0x00000000a6100000, 0x00000000a6200000|  0%| F|  |TAMS 0x00000000a6100000, 0x00000000a6100000| Untracked 
|  86|0x00000000a6200000, 0x00000000a6200000, 0x00000000a6300000|  0%| F|  |TAMS 0x00000000a6200000, 0x00000000a6200000| Untracked 
|  87|0x00000000a6300000, 0x00000000a6300000, 0x00000000a6400000|  0%| F|  |TAMS 0x00000000a6300000, 0x00000000a6300000| Untracked 
|  88|0x00000000a6400000, 0x00000000a6400000, 0x00000000a6500000|  0%| F|  |TAMS 0x00000000a6400000, 0x00000000a6400000| Untracked 
|  89|0x00000000a6500000, 0x00000000a6500000, 0x00000000a6600000|  0%| F|  |TAMS 0x00000000a6500000, 0x00000000a6500000| Untracked 
|  90|0x00000000a6600000, 0x00000000a6600000, 0x00000000a6700000|  0%| F|  |TAMS 0x00000000a6600000, 0x00000000a6600000| Untracked 
|  91|0x00000000a6700000, 0x00000000a6700000, 0x00000000a6800000|  0%| F|  |TAMS 0x00000000a6700000, 0x00000000a6700000| Untracked 
|  92|0x00000000a6800000, 0x00000000a6800000, 0x00000000a6900000|  0%| F|  |TAMS 0x00000000a6800000, 0x00000000a6800000| Untracked 
|  93|0x00000000a6900000, 0x00000000a6900000, 0x00000000a6a00000|  0%| F|  |TAMS 0x00000000a6900000, 0x00000000a6900000| Untracked 
|  94|0x00000000a6a00000, 0x00000000a6a00000, 0x00000000a6b00000|  0%| F|  |TAMS 0x00000000a6a00000, 0x00000000a6a00000| Untracked 
|  95|0x00000000a6b00000, 0x00000000a6b00000, 0x00000000a6c00000|  0%| F|  |TAMS 0x00000000a6b00000, 0x00000000a6b00000| Untracked 
|  96|0x00000000a6c00000, 0x00000000a6c00000, 0x00000000a6d00000|  0%| F|  |TAMS 0x00000000a6c00000, 0x00000000a6c00000| Untracked 
|  97|0x00000000a6d00000, 0x00000000a6d00000, 0x00000000a6e00000|  0%| F|  |TAMS 0x00000000a6d00000, 0x00000000a6d00000| Untracked 
|  98|0x00000000a6e00000, 0x00000000a6e00000, 0x00000000a6f00000|  0%| F|  |TAMS 0x00000000a6e00000, 0x00000000a6e00000| Untracked 
|  99|0x00000000a6f00000, 0x00000000a6f00000, 0x00000000a7000000|  0%| F|  |TAMS 0x00000000a6f00000, 0x00000000a6f00000| Untracked 
| 100|0x00000000a7000000, 0x00000000a7000000, 0x00000000a7100000|  0%| F|  |TAMS 0x00000000a7000000, 0x00000000a7000000| Untracked 
| 101|0x00000000a7100000, 0x00000000a7100000, 0x00000000a7200000|  0%| F|  |TAMS 0x00000000a7100000, 0x00000000a7100000| Untracked 
| 102|0x00000000a7200000, 0x00000000a7200000, 0x00000000a7300000|  0%| F|  |TAMS 0x00000000a7200000, 0x00000000a7200000| Untracked 
| 103|0x00000000a7300000, 0x00000000a7300000, 0x00000000a7400000|  0%| F|  |TAMS 0x00000000a7300000, 0x00000000a7300000| Untracked 
| 104|0x00000000a7400000, 0x00000000a7400000, 0x00000000a7500000|  0%| F|  |TAMS 0x00000000a7400000, 0x00000000a7400000| Untracked 
| 105|0x00000000a7500000, 0x00000000a7500000, 0x00000000a7600000|  0%| F|  |TAMS 0x00000000a7500000, 0x00000000a7500000| Untracked 
| 106|0x00000000a7600000, 0x00000000a7600000, 0x00000000a7700000|  0%| F|  |TAMS 0x00000000a7600000, 0x00000000a7600000| Untracked 
| 107|0x00000000a7700000, 0x00000000a7700000, 0x00000000a7800000|  0%| F|  |TAMS 0x00000000a7700000, 0x00000000a7700000| Untracked 
| 108|0x00000000a7800000, 0x00000000a7800000, 0x00000000a7900000|  0%| F|  |TAMS 0x00000000a7800000, 0x00000000a7800000| Untracked 
| 109|0x00000000a7900000, 0x00000000a7900000, 0x00000000a7a00000|  0%| F|  |TAMS 0x00000000a7900000, 0x00000000a7900000| Untracked 
| 110|0x00000000a7a00000, 0x00000000a7a00000, 0x00000000a7b00000|  0%| F|  |TAMS 0x00000000a7a00000, 0x00000000a7a00000| Untracked 
| 111|0x00000000a7b00000, 0x00000000a7b00000, 0x00000000a7c00000|  0%| F|  |TAMS 0x00000000a7b00000, 0x00000000a7b00000| Untracked 
| 112|0x00000000a7c00000, 0x00000000a7c00000, 0x00000000a7d00000|  0%| F|  |TAMS 0x00000000a7c00000, 0x00000000a7c00000| Untracked 
| 113|0x00000000a7d00000, 0x00000000a7db55b0, 0x00000000a7e00000| 70%| E|CS|TAMS 0x00000000a7d00000, 0x00000000a7d00000| Complete 
| 114|0x00000000a7e00000, 0x00000000a7f00000, 0x00000000a7f00000|100%| E|CS|TAMS 0x00000000a7e00000, 0x00000000a7e00000| Complete 
| 115|0x00000000a7f00000, 0x00000000a8000000, 0x00000000a8000000|100%| E|CS|TAMS 0x00000000a7f00000, 0x00000000a7f00000| Complete 
| 116|0x00000000a8000000, 0x00000000a8100000, 0x00000000a8100000|100%| E|CS|TAMS 0x00000000a8000000, 0x00000000a8000000| Complete 
| 117|0x00000000a8100000, 0x00000000a8200000, 0x00000000a8200000|100%| E|CS|TAMS 0x00000000a8100000, 0x00000000a8100000| Complete 
| 118|0x00000000a8200000, 0x00000000a8300000, 0x00000000a8300000|100%| E|CS|TAMS 0x00000000a8200000, 0x00000000a8200000| Complete 
| 119|0x00000000a8300000, 0x00000000a8400000, 0x00000000a8400000|100%| E|CS|TAMS 0x00000000a8300000, 0x00000000a8300000| Complete 
| 120|0x00000000a8400000, 0x00000000a8500000, 0x00000000a8500000|100%| E|CS|TAMS 0x00000000a8400000, 0x00000000a8400000| Complete 
| 121|0x00000000a8500000, 0x00000000a8600000, 0x00000000a8600000|100%| E|CS|TAMS 0x00000000a8500000, 0x00000000a8500000| Complete 
| 122|0x00000000a8600000, 0x00000000a8600000, 0x00000000a8700000|  0%| F|  |TAMS 0x00000000a8600000, 0x00000000a8600000| Untracked 
| 123|0x00000000a8700000, 0x00000000a8700000, 0x00000000a8800000|  0%| F|  |TAMS 0x00000000a8700000, 0x00000000a8700000| Untracked 
| 124|0x00000000a8800000, 0x00000000a8800000, 0x00000000a8900000|  0%| F|  |TAMS 0x00000000a8800000, 0x00000000a8800000| Untracked 
| 125|0x00000000a8900000, 0x00000000a8900000, 0x00000000a8a00000|  0%| F|  |TAMS 0x00000000a8900000, 0x00000000a8900000| Untracked 
| 126|0x00000000a8a00000, 0x00000000a8a00000, 0x00000000a8b00000|  0%| F|  |TAMS 0x00000000a8a00000, 0x00000000a8a00000| Untracked 
| 127|0x00000000a8b00000, 0x00000000a8b00000, 0x00000000a8c00000|  0%| F|  |TAMS 0x00000000a8b00000, 0x00000000a8b00000| Untracked 
| 128|0x00000000a8c00000, 0x00000000a8c00000, 0x00000000a8d00000|  0%| F|  |TAMS 0x00000000a8c00000, 0x00000000a8c00000| Untracked 
| 129|0x00000000a8d00000, 0x00000000a8d00000, 0x00000000a8e00000|  0%| F|  |TAMS 0x00000000a8d00000, 0x00000000a8d00000| Untracked 
| 130|0x00000000a8e00000, 0x00000000a8e00000, 0x00000000a8f00000|  0%| F|  |TAMS 0x00000000a8e00000, 0x00000000a8e00000| Untracked 
| 131|0x00000000a8f00000, 0x00000000a8f00000, 0x00000000a9000000|  0%| F|  |TAMS 0x00000000a8f00000, 0x00000000a8f00000| Untracked 
| 132|0x00000000a9000000, 0x00000000a9000000, 0x00000000a9100000|  0%| F|  |TAMS 0x00000000a9000000, 0x00000000a9000000| Untracked 
| 133|0x00000000a9100000, 0x00000000a9100000, 0x00000000a9200000|  0%| F|  |TAMS 0x00000000a9100000, 0x00000000a9100000| Untracked 
| 134|0x00000000a9200000, 0x00000000a9200000, 0x00000000a9300000|  0%| F|  |TAMS 0x00000000a9200000, 0x00000000a9200000| Untracked 
| 135|0x00000000a9300000, 0x00000000a9300000, 0x00000000a9400000|  0%| F|  |TAMS 0x00000000a9300000, 0x00000000a9300000| Untracked 
| 136|0x00000000a9400000, 0x00000000a9400000, 0x00000000a9500000|  0%| F|  |TAMS 0x00000000a9400000, 0x00000000a9400000| Untracked 
| 137|0x00000000a9500000, 0x00000000a9500000, 0x00000000a9600000|  0%| F|  |TAMS 0x00000000a9500000, 0x00000000a9500000| Untracked 
| 138|0x00000000a9600000, 0x00000000a9600000, 0x00000000a9700000|  0%| F|  |TAMS 0x00000000a9600000, 0x00000000a9600000| Untracked 
| 139|0x00000000a9700000, 0x00000000a9700000, 0x00000000a9800000|  0%| F|  |TAMS 0x00000000a9700000, 0x00000000a9700000| Untracked 
| 140|0x00000000a9800000, 0x00000000a9800000, 0x00000000a9900000|  0%| F|  |TAMS 0x00000000a9800000, 0x00000000a9800000| Untracked 
| 141|0x00000000a9900000, 0x00000000a9900000, 0x00000000a9a00000|  0%| F|  |TAMS 0x00000000a9900000, 0x00000000a9900000| Untracked 
| 142|0x00000000a9a00000, 0x00000000a9a00000, 0x00000000a9b00000|  0%| F|  |TAMS 0x00000000a9a00000, 0x00000000a9a00000| Untracked 
| 143|0x00000000a9b00000, 0x00000000a9b00000, 0x00000000a9c00000|  0%| F|  |TAMS 0x00000000a9b00000, 0x00000000a9b00000| Untracked 
| 144|0x00000000a9c00000, 0x00000000a9c00000, 0x00000000a9d00000|  0%| F|  |TAMS 0x00000000a9c00000, 0x00000000a9c00000| Untracked 
| 145|0x00000000a9d00000, 0x00000000a9d00000, 0x00000000a9e00000|  0%| F|  |TAMS 0x00000000a9d00000, 0x00000000a9d00000| Untracked 
| 146|0x00000000a9e00000, 0x00000000a9e00000, 0x00000000a9f00000|  0%| F|  |TAMS 0x00000000a9e00000, 0x00000000a9e00000| Untracked 
| 147|0x00000000a9f00000, 0x00000000a9f00000, 0x00000000aa000000|  0%| F|  |TAMS 0x00000000a9f00000, 0x00000000a9f00000| Untracked 
| 148|0x00000000aa000000, 0x00000000aa000000, 0x00000000aa100000|  0%| F|  |TAMS 0x00000000aa000000, 0x00000000aa000000| Untracked 
| 149|0x00000000aa100000, 0x00000000aa100000, 0x00000000aa200000|  0%| F|  |TAMS 0x00000000aa100000, 0x00000000aa100000| Untracked 
| 150|0x00000000aa200000, 0x00000000aa200000, 0x00000000aa300000|  0%| F|  |TAMS 0x00000000aa200000, 0x00000000aa200000| Untracked 
| 151|0x00000000aa300000, 0x00000000aa300000, 0x00000000aa400000|  0%| F|  |TAMS 0x00000000aa300000, 0x00000000aa300000| Untracked 
| 152|0x00000000aa400000, 0x00000000aa400000, 0x00000000aa500000|  0%| F|  |TAMS 0x00000000aa400000, 0x00000000aa400000| Untracked 
| 153|0x00000000aa500000, 0x00000000aa500000, 0x00000000aa600000|  0%| F|  |TAMS 0x00000000aa500000, 0x00000000aa500000| Untracked 
| 154|0x00000000aa600000, 0x00000000aa600000, 0x00000000aa700000|  0%| F|  |TAMS 0x00000000aa600000, 0x00000000aa600000| Untracked 
| 155|0x00000000aa700000, 0x00000000aa700000, 0x00000000aa800000|  0%| F|  |TAMS 0x00000000aa700000, 0x00000000aa700000| Untracked 
| 156|0x00000000aa800000, 0x00000000aa8fffc0, 0x00000000aa900000| 99%| O|  |TAMS 0x00000000aa8fffc0, 0x00000000aa800000| Untracked 
| 157|0x00000000aa900000, 0x00000000aa900000, 0x00000000aaa00000|  0%| F|  |TAMS 0x00000000aa900000, 0x00000000aa900000| Untracked 
| 158|0x00000000aaa00000, 0x00000000aaa00000, 0x00000000aab00000|  0%| F|  |TAMS 0x00000000aaa00000, 0x00000000aaa00000| Untracked 
| 159|0x00000000aab00000, 0x00000000aab00000, 0x00000000aac00000|  0%| F|  |TAMS 0x00000000aab00000, 0x00000000aab00000| Untracked 
| 160|0x00000000aac00000, 0x00000000aac00000, 0x00000000aad00000|  0%| F|  |TAMS 0x00000000aac00000, 0x00000000aac00000| Untracked 
| 161|0x00000000aad00000, 0x00000000aad00000, 0x00000000aae00000|  0%| F|  |TAMS 0x00000000aad00000, 0x00000000aad00000| Untracked 
| 162|0x00000000aae00000, 0x00000000aae00000, 0x00000000aaf00000|  0%| F|  |TAMS 0x00000000aae00000, 0x00000000aae00000| Untracked 
| 163|0x00000000aaf00000, 0x00000000aaf00000, 0x00000000ab000000|  0%| F|  |TAMS 0x00000000aaf00000, 0x00000000aaf00000| Untracked 
| 164|0x00000000ab000000, 0x00000000ab000000, 0x00000000ab100000|  0%| F|  |TAMS 0x00000000ab000000, 0x00000000ab000000| Untracked 
| 165|0x00000000ab100000, 0x00000000ab100000, 0x00000000ab200000|  0%| F|  |TAMS 0x00000000ab100000, 0x00000000ab100000| Untracked 
| 166|0x00000000ab200000, 0x00000000ab200000, 0x00000000ab300000|  0%| F|  |TAMS 0x00000000ab200000, 0x00000000ab200000| Untracked 
| 167|0x00000000ab300000, 0x00000000ab300000, 0x00000000ab400000|  0%| F|  |TAMS 0x00000000ab300000, 0x00000000ab300000| Untracked 
| 168|0x00000000ab400000, 0x00000000ab4fffc0, 0x00000000ab500000| 99%| O|  |TAMS 0x00000000ab4fffc0, 0x00000000ab400000| Untracked 
| 169|0x00000000ab500000, 0x00000000ab600000, 0x00000000ab600000|100%|HS|  |TAMS 0x00000000ab600000, 0x00000000ab500000| Complete 
| 170|0x00000000ab600000, 0x00000000ab600000, 0x00000000ab700000|  0%| F|  |TAMS 0x00000000ab600000, 0x00000000ab600000| Untracked 
| 171|0x00000000ab700000, 0x00000000ab700000, 0x00000000ab800000|  0%| F|  |TAMS 0x00000000ab700000, 0x00000000ab700000| Untracked 
| 172|0x00000000ab800000, 0x00000000ab800000, 0x00000000ab900000|  0%| F|  |TAMS 0x00000000ab800000, 0x00000000ab800000| Untracked 
| 173|0x00000000ab900000, 0x00000000ab900000, 0x00000000aba00000|  0%| F|  |TAMS 0x00000000ab900000, 0x00000000ab900000| Untracked 
| 174|0x00000000aba00000, 0x00000000aba00000, 0x00000000abb00000|  0%| F|  |TAMS 0x00000000aba00000, 0x00000000aba00000| Untracked 
| 175|0x00000000abb00000, 0x00000000abb00000, 0x00000000abc00000|  0%| F|  |TAMS 0x00000000abb00000, 0x00000000abb00000| Untracked 
| 176|0x00000000abc00000, 0x00000000abd00000, 0x00000000abd00000|100%|HS|  |TAMS 0x00000000abd00000, 0x00000000abc00000| Complete 
| 177|0x00000000abd00000, 0x00000000abd00000, 0x00000000abe00000|  0%| F|  |TAMS 0x00000000abd00000, 0x00000000abd00000| Untracked 
| 178|0x00000000abe00000, 0x00000000abe00000, 0x00000000abf00000|  0%| F|  |TAMS 0x00000000abe00000, 0x00000000abe00000| Untracked 
| 179|0x00000000abf00000, 0x00000000abf00000, 0x00000000ac000000|  0%| F|  |TAMS 0x00000000abf00000, 0x00000000abf00000| Untracked 
| 180|0x00000000ac000000, 0x00000000ac000000, 0x00000000ac100000|  0%| F|  |TAMS 0x00000000ac000000, 0x00000000ac000000| Untracked 
| 181|0x00000000ac100000, 0x00000000ac100000, 0x00000000ac200000|  0%| F|  |TAMS 0x00000000ac100000, 0x00000000ac100000| Untracked 
| 182|0x00000000ac200000, 0x00000000ac300000, 0x00000000ac300000|100%|HS|  |TAMS 0x00000000ac300000, 0x00000000ac200000| Complete 
| 183|0x00000000ac300000, 0x00000000ac400000, 0x00000000ac400000|100%|HC|  |TAMS 0x00000000ac400000, 0x00000000ac300000| Complete 
| 184|0x00000000ac400000, 0x00000000ac500000, 0x00000000ac500000|100%|HC|  |TAMS 0x00000000ac500000, 0x00000000ac400000| Complete 
| 185|0x00000000ac500000, 0x00000000ac600000, 0x00000000ac600000|100%| O|  |TAMS 0x00000000ac600000, 0x00000000ac500000| Untracked 
| 186|0x00000000ac600000, 0x00000000ac700000, 0x00000000ac700000|100%| O|  |TAMS 0x00000000ac700000, 0x00000000ac600000| Untracked 
| 187|0x00000000ac700000, 0x00000000ac800000, 0x00000000ac800000|100%| O|  |TAMS 0x00000000ac800000, 0x00000000ac700000| Untracked 
| 188|0x00000000ac800000, 0x00000000ac900000, 0x00000000ac900000|100%| O|  |TAMS 0x00000000ac900000, 0x00000000ac800000| Untracked 
| 189|0x00000000ac900000, 0x00000000ac900000, 0x00000000aca00000|  0%| F|  |TAMS 0x00000000ac900000, 0x00000000ac900000| Untracked 
| 190|0x00000000aca00000, 0x00000000acb00000, 0x00000000acb00000|100%| O|  |TAMS 0x00000000acb00000, 0x00000000aca00000| Untracked 
| 191|0x00000000acb00000, 0x00000000acbfffe8, 0x00000000acc00000| 99%| O|  |TAMS 0x00000000acbfffe8, 0x00000000acb00000| Untracked 
| 192|0x00000000acc00000, 0x00000000acc00000, 0x00000000acd00000|  0%| F|  |TAMS 0x00000000acc00000, 0x00000000acc00000| Untracked 
| 193|0x00000000acd00000, 0x00000000acd00000, 0x00000000ace00000|  0%| F|  |TAMS 0x00000000acd00000, 0x00000000acd00000| Untracked 
| 194|0x00000000ace00000, 0x00000000ace00000, 0x00000000acf00000|  0%| F|  |TAMS 0x00000000ace00000, 0x00000000ace00000| Untracked 
| 195|0x00000000acf00000, 0x00000000acf00000, 0x00000000ad000000|  0%| F|  |TAMS 0x00000000acf00000, 0x00000000acf00000| Untracked 
| 196|0x00000000ad000000, 0x00000000ad000000, 0x00000000ad100000|  0%| F|  |TAMS 0x00000000ad000000, 0x00000000ad000000| Untracked 
| 197|0x00000000ad100000, 0x00000000ad100000, 0x00000000ad200000|  0%| F|  |TAMS 0x00000000ad100000, 0x00000000ad100000| Untracked 
| 198|0x00000000ad200000, 0x00000000ad200000, 0x00000000ad300000|  0%| F|  |TAMS 0x00000000ad200000, 0x00000000ad200000| Untracked 
| 199|0x00000000ad300000, 0x00000000ad300000, 0x00000000ad400000|  0%| F|  |TAMS 0x00000000ad300000, 0x00000000ad300000| Untracked 
| 200|0x00000000ad400000, 0x00000000ad400000, 0x00000000ad500000|  0%| F|  |TAMS 0x00000000ad400000, 0x00000000ad400000| Untracked 
| 201|0x00000000ad500000, 0x00000000ad500000, 0x00000000ad600000|  0%| F|  |TAMS 0x00000000ad500000, 0x00000000ad500000| Untracked 
| 202|0x00000000ad600000, 0x00000000ad600000, 0x00000000ad700000|  0%| F|  |TAMS 0x00000000ad600000, 0x00000000ad600000| Untracked 
| 203|0x00000000ad700000, 0x00000000ad700000, 0x00000000ad800000|  0%| F|  |TAMS 0x00000000ad700000, 0x00000000ad700000| Untracked 
| 204|0x00000000ad800000, 0x00000000ad800000, 0x00000000ad900000|  0%| F|  |TAMS 0x00000000ad800000, 0x00000000ad800000| Untracked 
| 205|0x00000000ad900000, 0x00000000ad900000, 0x00000000ada00000|  0%| F|  |TAMS 0x00000000ad900000, 0x00000000ad900000| Untracked 
| 206|0x00000000ada00000, 0x00000000ada00000, 0x00000000adb00000|  0%| F|  |TAMS 0x00000000ada00000, 0x00000000ada00000| Untracked 
| 207|0x00000000adb00000, 0x00000000adb00000, 0x00000000adc00000|  0%| F|  |TAMS 0x00000000adb00000, 0x00000000adb00000| Untracked 
| 208|0x00000000adc00000, 0x00000000adc00000, 0x00000000add00000|  0%| F|  |TAMS 0x00000000adc00000, 0x00000000adc00000| Untracked 
| 209|0x00000000add00000, 0x00000000add00000, 0x00000000ade00000|  0%| F|  |TAMS 0x00000000add00000, 0x00000000add00000| Untracked 
| 210|0x00000000ade00000, 0x00000000ade00000, 0x00000000adf00000|  0%| F|  |TAMS 0x00000000ade00000, 0x00000000ade00000| Untracked 
| 211|0x00000000adf00000, 0x00000000adf00000, 0x00000000ae000000|  0%| F|  |TAMS 0x00000000adf00000, 0x00000000adf00000| Untracked 
| 212|0x00000000ae000000, 0x00000000ae000000, 0x00000000ae100000|  0%| F|  |TAMS 0x00000000ae000000, 0x00000000ae000000| Untracked 
| 213|0x00000000ae100000, 0x00000000ae100000, 0x00000000ae200000|  0%| F|  |TAMS 0x00000000ae100000, 0x00000000ae100000| Untracked 
| 214|0x00000000ae200000, 0x00000000ae200000, 0x00000000ae300000|  0%| F|  |TAMS 0x00000000ae200000, 0x00000000ae200000| Untracked 
| 215|0x00000000ae300000, 0x00000000ae300000, 0x00000000ae400000|  0%| F|  |TAMS 0x00000000ae300000, 0x00000000ae300000| Untracked 
| 216|0x00000000ae400000, 0x00000000ae400000, 0x00000000ae500000|  0%| F|  |TAMS 0x00000000ae400000, 0x00000000ae400000| Untracked 
| 217|0x00000000ae500000, 0x00000000ae500000, 0x00000000ae600000|  0%| F|  |TAMS 0x00000000ae500000, 0x00000000ae500000| Untracked 
| 218|0x00000000ae600000, 0x00000000ae600000, 0x00000000ae700000|  0%| F|  |TAMS 0x00000000ae600000, 0x00000000ae600000| Untracked 
| 219|0x00000000ae700000, 0x00000000ae700000, 0x00000000ae800000|  0%| F|  |TAMS 0x00000000ae700000, 0x00000000ae700000| Untracked 
| 220|0x00000000ae800000, 0x00000000ae800000, 0x00000000ae900000|  0%| F|  |TAMS 0x00000000ae800000, 0x00000000ae800000| Untracked 
| 221|0x00000000ae900000, 0x00000000ae900000, 0x00000000aea00000|  0%| F|  |TAMS 0x00000000ae900000, 0x00000000ae900000| Untracked 
| 222|0x00000000aea00000, 0x00000000aea00000, 0x00000000aeb00000|  0%| F|  |TAMS 0x00000000aea00000, 0x00000000aea00000| Untracked 
| 223|0x00000000aeb00000, 0x00000000aeb00000, 0x00000000aec00000|  0%| F|  |TAMS 0x00000000aeb00000, 0x00000000aeb00000| Untracked 
| 224|0x00000000aec00000, 0x00000000aec00000, 0x00000000aed00000|  0%| F|  |TAMS 0x00000000aec00000, 0x00000000aec00000| Untracked 
| 225|0x00000000aed00000, 0x00000000aed00000, 0x00000000aee00000|  0%| F|  |TAMS 0x00000000aed00000, 0x00000000aed00000| Untracked 
| 226|0x00000000aee00000, 0x00000000aee00000, 0x00000000aef00000|  0%| F|  |TAMS 0x00000000aee00000, 0x00000000aee00000| Untracked 
| 227|0x00000000aef00000, 0x00000000aef00000, 0x00000000af000000|  0%| F|  |TAMS 0x00000000aef00000, 0x00000000aef00000| Untracked 
| 228|0x00000000af000000, 0x00000000af000000, 0x00000000af100000|  0%| F|  |TAMS 0x00000000af000000, 0x00000000af000000| Untracked 
| 229|0x00000000af100000, 0x00000000af100000, 0x00000000af200000|  0%| F|  |TAMS 0x00000000af100000, 0x00000000af100000| Untracked 
| 230|0x00000000af200000, 0x00000000af200000, 0x00000000af300000|  0%| F|  |TAMS 0x00000000af200000, 0x00000000af200000| Untracked 
| 231|0x00000000af300000, 0x00000000af300000, 0x00000000af400000|  0%| F|  |TAMS 0x00000000af300000, 0x00000000af300000| Untracked 
| 232|0x00000000af400000, 0x00000000af400000, 0x00000000af500000|  0%| F|  |TAMS 0x00000000af400000, 0x00000000af400000| Untracked 
| 233|0x00000000af500000, 0x00000000af500000, 0x00000000af600000|  0%| F|  |TAMS 0x00000000af500000, 0x00000000af500000| Untracked 
| 234|0x00000000af600000, 0x00000000af600000, 0x00000000af700000|  0%| F|  |TAMS 0x00000000af600000, 0x00000000af600000| Untracked 
| 235|0x00000000af700000, 0x00000000af700000, 0x00000000af800000|  0%| F|  |TAMS 0x00000000af700000, 0x00000000af700000| Untracked 
| 236|0x00000000af800000, 0x00000000af800000, 0x00000000af900000|  0%| F|  |TAMS 0x00000000af800000, 0x00000000af800000| Untracked 
| 237|0x00000000af900000, 0x00000000af900000, 0x00000000afa00000|  0%| F|  |TAMS 0x00000000af900000, 0x00000000af900000| Untracked 
| 238|0x00000000afa00000, 0x00000000afa00000, 0x00000000afb00000|  0%| F|  |TAMS 0x00000000afa00000, 0x00000000afa00000| Untracked 
| 239|0x00000000afb00000, 0x00000000afb00000, 0x00000000afc00000|  0%| F|  |TAMS 0x00000000afb00000, 0x00000000afb00000| Untracked 
| 240|0x00000000afc00000, 0x00000000afc00000, 0x00000000afd00000|  0%| F|  |TAMS 0x00000000afc00000, 0x00000000afc00000| Untracked 
| 241|0x00000000afd00000, 0x00000000afd00000, 0x00000000afe00000|  0%| F|  |TAMS 0x00000000afd00000, 0x00000000afd00000| Untracked 
| 242|0x00000000afe00000, 0x00000000afe00000, 0x00000000aff00000|  0%| F|  |TAMS 0x00000000afe00000, 0x00000000afe00000| Untracked 
| 243|0x00000000aff00000, 0x00000000aff00000, 0x00000000b0000000|  0%| F|  |TAMS 0x00000000aff00000, 0x00000000aff00000| Untracked 
| 244|0x00000000b0000000, 0x00000000b0000000, 0x00000000b0100000|  0%| F|  |TAMS 0x00000000b0000000, 0x00000000b0000000| Untracked 
| 245|0x00000000b0100000, 0x00000000b0100000, 0x00000000b0200000|  0%| F|  |TAMS 0x00000000b0100000, 0x00000000b0100000| Untracked 
| 246|0x00000000b0200000, 0x00000000b0200000, 0x00000000b0300000|  0%| F|  |TAMS 0x00000000b0200000, 0x00000000b0200000| Untracked 
| 247|0x00000000b0300000, 0x00000000b0300000, 0x00000000b0400000|  0%| F|  |TAMS 0x00000000b0300000, 0x00000000b0300000| Untracked 
| 248|0x00000000b0400000, 0x00000000b0400000, 0x00000000b0500000|  0%| F|  |TAMS 0x00000000b0400000, 0x00000000b0400000| Untracked 
| 249|0x00000000b0500000, 0x00000000b0500000, 0x00000000b0600000|  0%| F|  |TAMS 0x00000000b0500000, 0x00000000b0500000| Untracked 
| 250|0x00000000b0600000, 0x00000000b0600000, 0x00000000b0700000|  0%| F|  |TAMS 0x00000000b0600000, 0x00000000b0600000| Untracked 
| 251|0x00000000b0700000, 0x00000000b0700000, 0x00000000b0800000|  0%| F|  |TAMS 0x00000000b0700000, 0x00000000b0700000| Untracked 
| 252|0x00000000b0800000, 0x00000000b0800000, 0x00000000b0900000|  0%| F|  |TAMS 0x00000000b0800000, 0x00000000b0800000| Untracked 
| 253|0x00000000b0900000, 0x00000000b0900000, 0x00000000b0a00000|  0%| F|  |TAMS 0x00000000b0900000, 0x00000000b0900000| Untracked 
| 254|0x00000000b0a00000, 0x00000000b0aca2c0, 0x00000000b0b00000| 78%| S|  |TAMS 0x00000000b0a00000, 0x00000000b0a00000| Complete 
| 255|0x00000000b0b00000, 0x00000000b0c00000, 0x00000000b0c00000|100%| S|  |TAMS 0x00000000b0b00000, 0x00000000b0b00000| Complete 
| 256|0x00000000b0c00000, 0x00000000b0d00000, 0x00000000b0d00000|100%| E|CS|TAMS 0x00000000b0c00000, 0x00000000b0c00000| Complete 
| 257|0x00000000b0d00000, 0x00000000b0e00000, 0x00000000b0e00000|100%| E|CS|TAMS 0x00000000b0d00000, 0x00000000b0d00000| Complete 
| 258|0x00000000b0e00000, 0x00000000b0f00000, 0x00000000b0f00000|100%| E|CS|TAMS 0x00000000b0e00000, 0x00000000b0e00000| Complete 
| 259|0x00000000b0f00000, 0x00000000b1000000, 0x00000000b1000000|100%| E|CS|TAMS 0x00000000b0f00000, 0x00000000b0f00000| Complete 
| 261|0x00000000b1100000, 0x00000000b1200000, 0x00000000b1200000|100%| O|  |TAMS 0x00000000b1200000, 0x00000000b1100000| Untracked 
| 268|0x00000000b1800000, 0x00000000b1900000, 0x00000000b1900000|100%| O|  |TAMS 0x00000000b1900000, 0x00000000b1800000| Untracked 
| 275|0x00000000b1f00000, 0x00000000b2000000, 0x00000000b2000000|100%| O|  |TAMS 0x00000000b2000000, 0x00000000b1f00000| Untracked 
| 286|0x00000000b2a00000, 0x00000000b2b00000, 0x00000000b2b00000|100%| O|  |TAMS 0x00000000b2b00000, 0x00000000b2a00000| Untracked 

Card table byte_map: [0x000001a7d2450000,0x000001a7d2750000] _byte_map_base: 0x000001a7d1f4a000

Marking Bits (Prev, Next): (CMBitMap*) 0x000001a7cc812c80, (CMBitMap*) 0x000001a7cc812c40
 Prev Bits: [0x000001a7d4220000, 0x000001a7d59f0000)
 Next Bits: [0x000001a7d2a50000, 0x000001a7d4220000)

Polling page: 0x000001a7ca680000

Metaspace:

Usage:
  Non-class:     58.53 MB used.
      Class:      9.19 MB used.
       Both:     67.72 MB used.

Virtual space:
  Non-class space:       64.00 MB reserved,      58.81 MB ( 92%) committed,  8 nodes.
      Class space:        1.00 GB reserved,       9.44 MB ( <1%) committed,  1 nodes.
             Both:        1.06 GB reserved,      68.25 MB (  6%) committed. 

Chunk freelists:
   Non-Class:  752.00 KB
       Class:  2.61 MB
        Both:  3.34 MB

MaxMetaspaceSize: unlimited
CompressedClassSpaceSize: 1.00 GB
Initial GC threshold: 21.00 MB
Current GC threshold: 113.69 MB
CDS: off
MetaspaceReclaimPolicy: balanced
 - commit_granule_bytes: 65536.
 - commit_granule_words: 8192.
 - virtual_space_node_default_size: 1048576.
 - enlarge_chunks_in_place: 1.
 - new_chunks_are_fully_committed: 0.
 - uncommit_free_chunks: 1.
 - use_allocation_guard: 0.
 - handle_deallocations: 1.


Internal statistics:

num_allocs_failed_limit: 58.
num_arena_births: 790.
num_arena_deaths: 234.
num_vsnodes_births: 9.
num_vsnodes_deaths: 0.
num_space_committed: 1092.
num_space_uncommitted: 0.
num_chunks_returned_to_freelist: 329.
num_chunks_taken_from_freelist: 3144.
num_chunk_merges: 127.
num_chunk_splits: 2147.
num_chunks_enlarged: 1546.
num_purges: 12.
num_inconsistent_stats: 0.

CodeCache: size=49152Kb used=24775Kb max_used=25156Kb free=24376Kb
 bounds [0x000001a7cf450000, 0x000001a7d0d50000, 0x000001a7d2450000]
 total_blobs=13743 nmethods=13054 adapters=614
 compilation: enabled
              stopped_count=0, restarted_count=0
 full_count=0

Compilation events (20 events):
Event: 1373.304 Thread 0x000001a7d8000160 13240       1       java.lang.StackTraceElement::isNativeMethod (15 bytes)
Event: 1373.304 Thread 0x000001a7d8000160 nmethod 13240 0x000001a7d0c77110 code [0x000001a7d0c772a0, 0x000001a7d0c77378]
Event: 1373.471 Thread 0x000001a7d8000160 13241       1       reactor.core.publisher.MonoIgnoreThen$ThenIgnoreMain::onSubscribe (45 bytes)
Event: 1373.472 Thread 0x000001a7d8000160 nmethod 13241 0x000001a7d0c76b10 code [0x000001a7d0c76ce0, 0x000001a7d0c76fc8]
Event: 1373.472 Thread 0x000001a7d8000160 13242       1       reactor.core.publisher.MonoIgnoreThen$ThenIgnoreMain::markHasSubscription (42 bytes)
Event: 1373.472 Thread 0x000001a7d8000160 nmethod 13242 0x000001a7d0c76610 code [0x000001a7d0c767c0, 0x000001a7d0c76a08]
Event: 1373.617 Thread 0x000001a7d8000160 13243       1       com.sun.tools.javac.comp.Resolve$$Lambda$1151/0x0000000100904558::iterator (12 bytes)
Event: 1373.617 Thread 0x000001a7d8000160 nmethod 13243 0x000001a7d0c76210 code [0x000001a7d0c763a0, 0x000001a7d0c764e8]
Event: 1373.617 Thread 0x000001a7d8000160 13244       1       com.sun.tools.javac.comp.Resolve$5::<init> (39 bytes)
Event: 1373.617 Thread 0x000001a7d8000160 nmethod 13244 0x000001a7d0c75d10 code [0x000001a7d0c75ec0, 0x000001a7d0c76168]
Event: 1373.617 Thread 0x000001a7d8000160 13245       1       com.sun.tools.javac.comp.Resolve$BasicLookupHelper::debug (26 bytes)
Event: 1373.617 Thread 0x000001a7d8000160 nmethod 13245 0x000001a7d0c75990 code [0x000001a7d0c75b20, 0x000001a7d0c75c28]
Event: 1373.617 Thread 0x000001a7d8000160 13246       1       com.sun.tools.javac.comp.Resolve::reportVerboseResolutionDiagnostic (481 bytes)
Event: 1373.619 Thread 0x000001a7d8000160 nmethod 13246 0x000001a7d0c73290 code [0x000001a7d0c73660, 0x000001a7d0c74c38]
Event: 1373.848 Thread 0x000001a7d8000160 13247       1       org.eclipse.jdt.internal.compiler.ast.CompilationUnitDeclaration::finalizeProblems (983 bytes)
Event: 1373.850 Thread 0x000001a7d8000160 nmethod 13247 0x000001a7d0c6f890 code [0x000001a7d0c6fc80, 0x000001a7d0c716c8]
Event: 1374.003 Thread 0x000001a7d8000160 13248       1       reactor.core.publisher.FluxOnAssembly$OnAssemblySubscriber::onNext (11 bytes)
Event: 1374.003 Thread 0x000001a7d8000160 nmethod 13248 0x000001a7d0c6f590 code [0x000001a7d0c6f720, 0x000001a7d0c6f808]
Event: 1374.466 Thread 0x000001a7d8000160 13249       1       org.springframework.ide.vscode.commons.protocol.java.Classpath$CPE::isTest (5 bytes)
Event: 1374.466 Thread 0x000001a7d8000160 nmethod 13249 0x000001a7d0c6f290 code [0x000001a7d0c6f420, 0x000001a7d0c6f4f8]

GC Heap History (20 events):
Event: 1344.474 GC heap after
{Heap after GC invocations=197 (full 53):
 garbage-first heap   total 270336K, used 91972K [0x00000000a0c00000, 0x0000000100000000)
  region size 1024K, 2 young (2048K), 2 survivors (2048K)
 Metaspace       used 69344K, committed 69888K, reserved 1114112K
  class space    used 9411K, committed 9664K, reserved 1048576K
}
Event: 1354.081 GC heap before
{Heap before GC invocations=197 (full 53):
 garbage-first heap   total 270336K, used 229188K [0x00000000a0c00000, 0x0000000100000000)
  region size 1024K, 136 young (139264K), 2 survivors (2048K)
 Metaspace       used 69344K, committed 69888K, reserved 1114112K
  class space    used 9411K, committed 9664K, reserved 1048576K
}
Event: 1354.090 GC heap after
{Heap after GC invocations=198 (full 53):
 garbage-first heap   total 270336K, used 100652K [0x00000000a0c00000, 0x0000000100000000)
  region size 1024K, 11 young (11264K), 11 survivors (11264K)
 Metaspace       used 69344K, committed 69888K, reserved 1114112K
  class space    used 9411K, committed 9664K, reserved 1048576K
}
Event: 1357.028 GC heap before
{Heap before GC invocations=198 (full 53):
 garbage-first heap   total 270336K, used 223532K [0x00000000a0c00000, 0x0000000100000000)
  region size 1024K, 131 young (134144K), 11 survivors (11264K)
 Metaspace       used 69344K, committed 69888K, reserved 1114112K
  class space    used 9411K, committed 9664K, reserved 1048576K
}
Event: 1357.034 GC heap after
{Heap after GC invocations=199 (full 53):
 garbage-first heap   total 270336K, used 98561K [0x00000000a0c00000, 0x0000000100000000)
  region size 1024K, 6 young (6144K), 6 survivors (6144K)
 Metaspace       used 69344K, committed 69888K, reserved 1114112K
  class space    used 9411K, committed 9664K, reserved 1048576K
}
Event: 1362.323 GC heap before
{Heap before GC invocations=199 (full 53):
 garbage-first heap   total 270336K, used 224513K [0x00000000a0c00000, 0x0000000100000000)
  region size 1024K, 129 young (132096K), 6 survivors (6144K)
 Metaspace       used 69344K, committed 69888K, reserved 1114112K
  class space    used 9411K, committed 9664K, reserved 1048576K
}
Event: 1362.325 GC heap after
{Heap after GC invocations=200 (full 53):
 garbage-first heap   total 270336K, used 94906K [0x00000000a0c00000, 0x0000000100000000)
  region size 1024K, 2 young (2048K), 2 survivors (2048K)
 Metaspace       used 69344K, committed 69888K, reserved 1114112K
  class space    used 9411K, committed 9664K, reserved 1048576K
}
Event: 1364.360 GC heap before
{Heap before GC invocations=201 (full 53):
 garbage-first heap   total 270336K, used 224954K [0x00000000a0c00000, 0x0000000100000000)
  region size 1024K, 131 young (134144K), 2 survivors (2048K)
 Metaspace       used 69344K, committed 69888K, reserved 1114112K
  class space    used 9411K, committed 9664K, reserved 1048576K
}
Event: 1364.365 GC heap after
{Heap after GC invocations=202 (full 53):
 garbage-first heap   total 270336K, used 96226K [0x00000000a0c00000, 0x0000000100000000)
  region size 1024K, 6 young (6144K), 6 survivors (6144K)
 Metaspace       used 69344K, committed 69888K, reserved 1114112K
  class space    used 9411K, committed 9664K, reserved 1048576K
}
Event: 1364.381 GC heap before
{Heap before GC invocations=202 (full 53):
 garbage-first heap   total 270336K, used 103394K [0x00000000a0c00000, 0x0000000100000000)
  region size 1024K, 13 young (13312K), 6 survivors (6144K)
 Metaspace       used 69344K, committed 69888K, reserved 1114112K
  class space    used 9411K, committed 9664K, reserved 1048576K
}
Event: 1364.386 GC heap after
{Heap after GC invocations=203 (full 53):
 garbage-first heap   total 270336K, used 91321K [0x00000000a0c00000, 0x0000000100000000)
  region size 1024K, 2 young (2048K), 2 survivors (2048K)
 Metaspace       used 69344K, committed 69888K, reserved 1114112K
  class space    used 9411K, committed 9664K, reserved 1048576K
}
Event: 1367.300 GC heap before
{Heap before GC invocations=203 (full 53):
 garbage-first heap   total 270336K, used 226489K [0x00000000a0c00000, 0x0000000100000000)
  region size 1024K, 134 young (137216K), 2 survivors (2048K)
 Metaspace       used 69344K, committed 69888K, reserved 1114112K
  class space    used 9411K, committed 9664K, reserved 1048576K
}
Event: 1367.304 GC heap after
{Heap after GC invocations=204 (full 53):
 garbage-first heap   total 270336K, used 93851K [0x00000000a0c00000, 0x0000000100000000)
  region size 1024K, 4 young (4096K), 4 survivors (4096K)
 Metaspace       used 69344K, committed 69888K, reserved 1114112K
  class space    used 9411K, committed 9664K, reserved 1048576K
}
Event: 1369.019 GC heap before
{Heap before GC invocations=204 (full 53):
 garbage-first heap   total 270336K, used 227995K [0x00000000a0c00000, 0x0000000100000000)
  region size 1024K, 135 young (138240K), 4 survivors (4096K)
 Metaspace       used 69344K, committed 69888K, reserved 1114112K
  class space    used 9411K, committed 9664K, reserved 1048576K
}
Event: 1369.022 GC heap after
{Heap after GC invocations=205 (full 53):
 garbage-first heap   total 270336K, used 93924K [0x00000000a0c00000, 0x0000000100000000)
  region size 1024K, 4 young (4096K), 4 survivors (4096K)
 Metaspace       used 69344K, committed 69888K, reserved 1114112K
  class space    used 9411K, committed 9664K, reserved 1048576K
}
Event: 1372.728 GC heap before
{Heap before GC invocations=205 (full 53):
 garbage-first heap   total 270336K, used 228068K [0x00000000a0c00000, 0x0000000100000000)
  region size 1024K, 136 young (139264K), 4 survivors (4096K)
 Metaspace       used 69344K, committed 69888K, reserved 1114112K
  class space    used 9411K, committed 9664K, reserved 1048576K
}
Event: 1372.735 GC heap after
{Heap after GC invocations=206 (full 53):
 garbage-first heap   total 270336K, used 98768K [0x00000000a0c00000, 0x0000000100000000)
  region size 1024K, 9 young (9216K), 9 survivors (9216K)
 Metaspace       used 69344K, committed 69888K, reserved 1114112K
  class space    used 9411K, committed 9664K, reserved 1048576K
}
Event: 1374.123 GC heap before
{Heap before GC invocations=207 (full 53):
 garbage-first heap   total 270336K, used 225744K [0x00000000a0c00000, 0x0000000100000000)
  region size 1024K, 134 young (137216K), 9 survivors (9216K)
 Metaspace       used 69344K, committed 69888K, reserved 1114112K
  class space    used 9411K, committed 9664K, reserved 1048576K
}
Event: 1374.130 GC heap after
{Heap after GC invocations=208 (full 53):
 garbage-first heap   total 270336K, used 97754K [0x00000000a0c00000, 0x0000000100000000)
  region size 1024K, 9 young (9216K), 9 survivors (9216K)
 Metaspace       used 69344K, committed 69888K, reserved 1114112K
  class space    used 9411K, committed 9664K, reserved 1048576K
}
Event: 1374.514 GC heap before
{Heap before GC invocations=208 (full 53):
 garbage-first heap   total 270336K, used 101850K [0x00000000a0c00000, 0x0000000100000000)
  region size 1024K, 13 young (13312K), 9 survivors (9216K)
 Metaspace       used 69344K, committed 69888K, reserved 1114112K
  class space    used 9411K, committed 9664K, reserved 1048576K
}

Dll operation events (10 events):
Event: 0.011 Loaded shared library c:\Users\User\.vscode\extensions\redhat.java-1.13.0-win32-x64\jre\17.0.5-win32-x86_64\bin\java.dll
Event: 0.785 Loaded shared library C:\Users\User\.vscode\extensions\redhat.java-1.13.0-win32-x64\jre\17.0.5-win32-x86_64\bin\net.dll
Event: 0.801 Loaded shared library C:\Users\User\.vscode\extensions\redhat.java-1.13.0-win32-x64\jre\17.0.5-win32-x86_64\bin\nio.dll
Event: 0.846 Loaded shared library C:\Users\User\.vscode\extensions\redhat.java-1.13.0-win32-x64\jre\17.0.5-win32-x86_64\bin\zip.dll
Event: 1.868 Loaded shared library C:\Users\User\.vscode\extensions\redhat.java-1.13.0-win32-x64\jre\17.0.5-win32-x86_64\bin\jimage.dll
Event: 2.048 Loaded shared library c:\Users\User\.vscode\extensions\redhat.java-1.13.0-win32-x64\jre\17.0.5-win32-x86_64\bin\verify.dll
Event: 9.305 Loaded shared library C:\Users\User\.vscode\extensions\redhat.java-1.13.0-win32-x64\jre\17.0.5-win32-x86_64\bin\management.dll
Event: 9.314 Loaded shared library C:\Users\User\.vscode\extensions\redhat.java-1.13.0-win32-x64\jre\17.0.5-win32-x86_64\bin\management_ext.dll
Event: 47.665 Loaded shared library C:\Users\User\.vscode\extensions\redhat.java-1.13.0-win32-x64\jre\17.0.5-win32-x86_64\bin\sunmscapi.dll
Event: 50.031 Loaded shared library C:\Users\User\AppData\Local\Temp\snappy-1.1.8-8913774d-5802-424e-aa5c-8ed98c13d5d7-snappyjava.dll

Deoptimization events (20 events):
Event: 49.720 Thread 0x000001a7d9ec0080 DEOPT PACKING pc=0x000001a7d033e67c sp=0x0000007e30ffe0f0
Event: 49.720 Thread 0x000001a7d9ec0080 DEOPT UNPACKING pc=0x000001a7cf4a2b43 sp=0x0000007e30ffd5a8 mode 0
Event: 164.008 Thread 0x000001a7d9ccb940 DEOPT PACKING pc=0x000001a7cfa902d4 sp=0x0000007e307fee20
Event: 164.008 Thread 0x000001a7d9ccb940 DEOPT UNPACKING pc=0x000001a7cf4a2b43 sp=0x0000007e307fe2a8 mode 0
Event: 574.921 Thread 0x000001a7d951e2e0 DEOPT PACKING pc=0x000001a7d0540320 sp=0x0000007e319fd680
Event: 574.921 Thread 0x000001a7d951e2e0 DEOPT UNPACKING pc=0x000001a7cf4a2b43 sp=0x0000007e319fcb00 mode 3
Event: 575.851 Thread 0x000001a7d951e2e0 DEOPT PACKING pc=0x000001a7d05bbbb6 sp=0x0000007e319fd500
Event: 575.851 Thread 0x000001a7d951e2e0 DEOPT UNPACKING pc=0x000001a7cf4a2b43 sp=0x0000007e319fc9f8 mode 3
Event: 876.592 Thread 0x000001a7dd151080 DEOPT PACKING pc=0x000001a7d060ba44 sp=0x0000007e30afe990
Event: 876.592 Thread 0x000001a7dd151080 DEOPT UNPACKING pc=0x000001a7cf4a2b43 sp=0x0000007e30afdee0 mode 0
Event: 1185.096 Thread 0x000001a7d951e2e0 DEOPT PACKING pc=0x000001a7d0a75940 sp=0x0000007e319fe400
Event: 1185.096 Thread 0x000001a7d951e2e0 DEOPT UNPACKING pc=0x000001a7cf4a2b43 sp=0x0000007e319fda58 mode 3
Event: 1186.550 Thread 0x000001a7d951e2e0 DEOPT PACKING pc=0x000001a7d0a45ee6 sp=0x0000007e319fe240
Event: 1186.550 Thread 0x000001a7d951e2e0 DEOPT UNPACKING pc=0x000001a7cf4a2b43 sp=0x0000007e319fd700 mode 3
Event: 1243.196 Thread 0x000001a7d951e2e0 DEOPT PACKING pc=0x000001a7d0a0568f sp=0x0000007e319fe700
Event: 1243.196 Thread 0x000001a7d951e2e0 DEOPT UNPACKING pc=0x000001a7cf4a2b43 sp=0x0000007e319fdc50 mode 3
Event: 1327.298 Thread 0x000001a7d951e2e0 DEOPT PACKING pc=0x000001a7d0b8bc18 sp=0x0000007e319fe3e0
Event: 1327.306 Thread 0x000001a7d951e2e0 DEOPT UNPACKING pc=0x000001a7cf4a2b43 sp=0x0000007e319fd8d8 mode 3
Event: 1336.326 Thread 0x000001a7d951e2e0 DEOPT PACKING pc=0x000001a7d0b623ab sp=0x0000007e319fe5f0
Event: 1336.326 Thread 0x000001a7d951e2e0 DEOPT UNPACKING pc=0x000001a7cf4a2b43 sp=0x0000007e319fdaf0 mode 3

Classes unloaded (20 events):
Event: 861.224 Thread 0x000001a7d7f7c700 Unloading class 0x0000000100351400 'java/lang/invoke/LambdaForm$MH+0x0000000100351400'
Event: 861.224 Thread 0x000001a7d7f7c700 Unloading class 0x0000000100355c00 'java/lang/invoke/LambdaForm$MH+0x0000000100355c00'
Event: 861.224 Thread 0x000001a7d7f7c700 Unloading class 0x0000000100356c00 'java/lang/invoke/LambdaForm$MH+0x0000000100356c00'
Event: 861.224 Thread 0x000001a7d7f7c700 Unloading class 0x000000010035cc00 'java/lang/invoke/LambdaForm$MH+0x000000010035cc00'
Event: 861.224 Thread 0x000001a7d7f7c700 Unloading class 0x000000010039a000 'java/lang/invoke/LambdaForm$MH+0x000000010039a000'
Event: 861.224 Thread 0x000001a7d7f7c700 Unloading class 0x00000001004d0000 'java/lang/invoke/LambdaForm$MH+0x00000001004d0000'
Event: 861.224 Thread 0x000001a7d7f7c700 Unloading class 0x00000001004ec000 'java/lang/invoke/LambdaForm$MH+0x00000001004ec000'
Event: 1083.604 Thread 0x000001a7d7f7c700 Unloading class 0x000000010071c000 'java/lang/invoke/LambdaForm$MH+0x000000010071c000'
Event: 1083.604 Thread 0x000001a7d7f7c700 Unloading class 0x00000001004ec000 'java/lang/invoke/LambdaForm$MH+0x00000001004ec000'
Event: 1083.604 Thread 0x000001a7d7f7c700 Unloading class 0x00000001004d0000 'java/lang/invoke/LambdaForm$MH+0x00000001004d0000'
Event: 1083.604 Thread 0x000001a7d7f7c700 Unloading class 0x000000010039a000 'java/lang/invoke/LambdaForm$MH+0x000000010039a000'
Event: 1083.604 Thread 0x000001a7d7f7c700 Unloading class 0x000000010035cc00 'java/lang/invoke/LambdaForm$MH+0x000000010035cc00'
Event: 1083.604 Thread 0x000001a7d7f7c700 Unloading class 0x0000000100356c00 'java/lang/invoke/LambdaForm$MH+0x0000000100356c00'
Event: 1114.245 Thread 0x000001a7d7f7c700 Unloading class 0x00000001000ca400 'jdk/internal/reflect/GeneratedMethodAccessor32'
Event: 1114.245 Thread 0x000001a7d7f7c700 Unloading class 0x00000001000cb800 'jdk/internal/reflect/GeneratedConstructorAccessor53'
Event: 1114.245 Thread 0x000001a7d7f7c700 Unloading class 0x0000000100265c00 'jdk/internal/reflect/GeneratedMethodAccessor31'
Event: 1114.245 Thread 0x000001a7d7f7c700 Unloading class 0x000000010034c000 'jdk/internal/reflect/GeneratedConstructorAccessor52'
Event: 1114.245 Thread 0x000001a7d7f7c700 Unloading class 0x000000010034d400 'jdk/internal/reflect/GeneratedMethodAccessor30'
Event: 1114.245 Thread 0x000001a7d7f7c700 Unloading class 0x000000010034e000 'jdk/internal/reflect/GeneratedMethodAccessor29'
Event: 1114.245 Thread 0x000001a7d7f7c700 Unloading class 0x000000010034f400 'jdk/internal/reflect/GeneratedMethodAccessor28'

Classes redefined (0 events):
No events

Internal exceptions (20 events):
Event: 1365.898 Thread 0x000001a7dc6af240 Exception <a 'sun/nio/fs/WindowsException'{0x00000000ae8b3a28}> (0x00000000ae8b3a28) 
thrown [s\src\hotspot\share\prims\jni.cpp, line 516]
Event: 1365.898 Thread 0x000001a7dc6af240 Exception <a 'sun/nio/fs/WindowsException'{0x00000000ae8b5250}> (0x00000000ae8b5250) 
thrown [s\src\hotspot\share\prims\jni.cpp, line 516]
Event: 1366.369 Thread 0x000001a7da398790 Exception <a 'sun/nio/fs/WindowsException'{0x00000000ae1f96e0}> (0x00000000ae1f96e0) 
thrown [s\src\hotspot\share\prims\jni.cpp, line 516]
Event: 1366.370 Thread 0x000001a7da398790 Exception <a 'sun/nio/fs/WindowsException'{0x00000000ae1faf08}> (0x00000000ae1faf08) 
thrown [s\src\hotspot\share\prims\jni.cpp, line 516]
Event: 1366.495 Thread 0x000001a7d951de10 Exception <a 'sun/nio/fs/WindowsException'{0x00000000ae6ef708}> (0x00000000ae6ef708) 
thrown [s\src\hotspot\share\prims\jni.cpp, line 516]
Event: 1366.495 Thread 0x000001a7d951de10 Exception <a 'sun/nio/fs/WindowsException'{0x00000000ae6f0f30}> (0x00000000ae6f0f30) 
thrown [s\src\hotspot\share\prims\jni.cpp, line 516]
Event: 1367.147 Thread 0x000001a7d951de10 Exception <a 'sun/nio/fs/WindowsException'{0x00000000a917c798}> (0x00000000a917c798) 
thrown [s\src\hotspot\share\prims\jni.cpp, line 516]
Event: 1367.147 Thread 0x000001a7d951de10 Exception <a 'sun/nio/fs/WindowsException'{0x00000000a917dfc0}> (0x00000000a917dfc0) 
thrown [s\src\hotspot\share\prims\jni.cpp, line 516]
Event: 1367.952 Thread 0x000001a7d951de10 Exception <a 'sun/nio/fs/WindowsException'{0x00000000adf0d380}> (0x00000000adf0d380) 
thrown [s\src\hotspot\share\prims\jni.cpp, line 516]
Event: 1367.955 Thread 0x000001a7d951de10 Exception <a 'sun/nio/fs/WindowsException'{0x00000000adf0eba8}> (0x00000000adf0eba8) 
thrown [s\src\hotspot\share\prims\jni.cpp, line 516]
Event: 1368.891 Thread 0x000001a7d951de10 Exception <a 'sun/nio/fs/WindowsException'{0x00000000a930ecf8}> (0x00000000a930ecf8) 
thrown [s\src\hotspot\share\prims\jni.cpp, line 516]
Event: 1368.892 Thread 0x000001a7d951de10 Exception <a 'sun/nio/fs/WindowsException'{0x00000000a9310520}> (0x00000000a9310520) 
thrown [s\src\hotspot\share\prims\jni.cpp, line 516]
Event: 1372.261 Thread 0x000001a7d951de10 Exception <a 'sun/nio/fs/WindowsException'{0x00000000ab8dd6f8}> (0x00000000ab8dd6f8) 
thrown [s\src\hotspot\share\prims\jni.cpp, line 516]
Event: 1372.262 Thread 0x000001a7d951de10 Exception <a 'sun/nio/fs/WindowsException'{0x00000000ab8def20}> (0x00000000ab8def20) 
thrown [s\src\hotspot\share\prims\jni.cpp, line 516]
Event: 1372.847 Thread 0x000001a7d951de10 Exception <a 'sun/nio/fs/WindowsException'{0x00000000b0ec4430}> (0x00000000b0ec4430) 
thrown [s\src\hotspot\share\prims\jni.cpp, line 516]
Event: 1372.850 Thread 0x000001a7d951de10 Exception <a 'sun/nio/fs/WindowsException'{0x00000000b0ec5c58}> (0x00000000b0ec5c58) 
thrown [s\src\hotspot\share\prims\jni.cpp, line 516]
Event: 1373.411 Thread 0x000001a7d951de10 Exception <a 'sun/nio/fs/WindowsException'{0x00000000ad8a4fe8}> (0x00000000ad8a4fe8) 
thrown [s\src\hotspot\share\prims\jni.cpp, line 516]
Event: 1373.411 Thread 0x000001a7d951de10 Exception <a 'sun/nio/fs/WindowsException'{0x00000000ad8a6810}> (0x00000000ad8a6810) 
thrown [s\src\hotspot\share\prims\jni.cpp, line 516]
Event: 1374.008 Thread 0x000001a7d951de10 Exception <a 'sun/nio/fs/WindowsException'{0x00000000a8a8ee58}> (0x00000000a8a8ee58) 
thrown [s\src\hotspot\share\prims\jni.cpp, line 516]
Event: 1374.009 Thread 0x000001a7d951de10 Exception <a 'sun/nio/fs/WindowsException'{0x00000000a8a90680}> (0x00000000a8a90680) 
thrown [s\src\hotspot\share\prims\jni.cpp, line 516]

VM Operations (20 events):
Event: 1365.393 Executing VM operation: Cleanup done
Event: 1366.403 Executing VM operation: Cleanup
Event: 1366.406 Executing VM operation: Cleanup done
Event: 1367.300 Executing VM operation: G1CollectForAllocation
Event: 1367.304 Executing VM operation: G1CollectForAllocation done
Event: 1369.018 Executing VM operation: G1CollectForAllocation
Event: 1369.022 Executing VM operation: G1CollectForAllocation done
Event: 1372.053 Executing VM operation: Cleanup
Event: 1372.053 Executing VM operation: Cleanup done
Event: 1372.728 Executing VM operation: G1CollectForAllocation
Event: 1372.738 Executing VM operation: G1CollectForAllocation done
Event: 1372.833 Executing VM operation: G1Concurrent
Event: 1372.838 Executing VM operation: G1Concurrent done
Event: 1372.876 Executing VM operation: G1Concurrent
Event: 1372.876 Executing VM operation: G1Concurrent done
Event: 1373.877 Executing VM operation: Cleanup
Event: 1373.877 Executing VM operation: Cleanup done
Event: 1374.123 Executing VM operation: G1CollectForAllocation
Event: 1374.130 Executing VM operation: G1CollectForAllocation done
Event: 1374.514 Executing VM operation: G1CollectForAllocation

Events (20 events):
Event: 1246.803 Thread 0x000001a7dca4faa0 Thread exited: 0x000001a7dca4faa0
Event: 1248.731 Thread 0x000001a7da518280 Thread added: 0x000001a7da518280
Event: 1256.026 Thread 0x000001a7dc94b950 Thread added: 0x000001a7dc94b950
Event: 1256.026 Thread 0x000001a7dc94af30 Thread added: 0x000001a7dc94af30
Event: 1257.172 Thread 0x000001a7dc94af30 Thread exited: 0x000001a7dc94af30
Event: 1257.982 Thread 0x000001a7dc94b950 Thread exited: 0x000001a7dc94b950
Event: 1271.175 loading class java/util/function/IntBinaryOperator
Event: 1271.175 loading class java/util/function/IntBinaryOperator done
Event: 1271.175 loading class java/util/stream/ReduceOps$7
Event: 1271.176 loading class java/util/stream/ReduceOps$7 done
Event: 1271.176 loading class java/util/stream/ReduceOps$6ReducingSink
Event: 1271.176 loading class java/util/stream/ReduceOps$6ReducingSink done
Event: 1309.989 Thread 0x000001a7da7c16f0 Thread exited: 0x000001a7da7c16f0
Event: 1326.942 Thread 0x000001a7dca4cd10 Thread added: 0x000001a7dca4cd10
Event: 1326.961 Thread 0x000001a7dc916410 Thread added: 0x000001a7dc916410
Event: 1328.636 Thread 0x000001a7dc916410 Thread exited: 0x000001a7dc916410
Event: 1329.247 Thread 0x000001a7dca4cd10 Thread exited: 0x000001a7dca4cd10
Event: 1339.391 Thread 0x000001a7da3965e0 Thread added: 0x000001a7da3965e0
Event: 1358.243 Thread 0x000001a7dca51900 Thread added: 0x000001a7dca51900
Event: 1359.245 Thread 0x000001a7dca51900 Thread exited: 0x000001a7dca51900


Dynamic libraries:
0x00007ff759f60000 - 0x00007ff759f6e000 	c:\Users\User\.vscode\extensions\redhat.java-1.13.0-win32-x64\jre\17.0.5-win32-x86_64\bin\java.exe
0x00007ffa07190000 - 0x00007ffa07388000 	C:\Windows\SYSTEM32\ntdll.dll
0x00007ffa05860000 - 0x00007ffa0591f000 	C:\Windows\System32\KERNEL32.DLL
0x00007ffa04ef0000 - 0x00007ffa051c2000 	C:\Windows\System32\KERNELBASE.dll
0x00007ffa04aa0000 - 0x00007ffa04ba0000 	C:\Windows\System32\ucrtbase.dll
0x00007ff9fd1f0000 - 0x00007ff9fd207000 	c:\Users\User\.vscode\extensions\redhat.java-1.13.0-win32-x64\jre\17.0.5-win32-x86_64\bin\jli.dll
0x00007ffa06f40000 - 0x00007ffa070e1000 	C:\Windows\System32\USER32.dll
0x00007ffa04d70000 - 0x00007ffa04d92000 	C:\Windows\System32\win32u.dll
0x00007ffa052f0000 - 0x00007ffa0531b000 	C:\Windows\System32\GDI32.dll
0x00007ffa04c60000 - 0x00007ffa04d6f000 	C:\Windows\System32\gdi32full.dll
0x00007ffa04e50000 - 0x00007ffa04eed000 	C:\Windows\System32\msvcp_win.dll
0x00007ff9f9360000 - 0x00007ff9f9379000 	c:\Users\User\.vscode\extensions\redhat.java-1.13.0-win32-x64\jre\17.0.5-win32-x86_64\bin\VCRUNTIME140.dll
0x00007ff9eec80000 - 0x00007ff9eef1a000 	C:\Windows\WinSxS\amd64_microsoft.windows.common-controls_6595b64144ccf1df_6.0.19041.1110_none_60b5254171f9507e\COMCTL32.dll
0x00007ffa05ee0000 - 0x00007ffa05f7e000 	C:\Windows\System32\msvcrt.dll
0x00007ffa06e90000 - 0x00007ffa06ec2000 	C:\Windows\System32\IMM32.DLL
0x00007ffa00360000 - 0x00007ffa0036c000 	c:\Users\User\.vscode\extensions\redhat.java-1.13.0-win32-x64\jre\17.0.5-win32-x86_64\bin\vcruntime140_1.dll
0x00007ff9ded00000 - 0x00007ff9ded91000 	c:\Users\User\.vscode\extensions\redhat.java-1.13.0-win32-x64\jre\17.0.5-win32-x86_64\bin\msvcp140.dll
0x00007ff9ca360000 - 0x00007ff9cafa4000 	c:\Users\User\.vscode\extensions\redhat.java-1.13.0-win32-x64\jre\17.0.5-win32-x86_64\bin\server\jvm.dll
0x00007ffa05f80000 - 0x00007ffa0602e000 	C:\Windows\System32\ADVAPI32.dll
0x00007ffa06c70000 - 0x00007ffa06d0c000 	C:\Windows\System32\sechost.dll
0x00007ffa05d90000 - 0x00007ffa05eb5000 	C:\Windows\System32\RPCRT4.dll
0x00007ff9ff6d0000 - 0x00007ff9ff6d9000 	C:\Windows\SYSTEM32\WSOCK32.dll
0x00007ffa06ed0000 - 0x00007ffa06f3b000 	C:\Windows\System32\WS2_32.dll
0x00007ff9fca80000 - 0x00007ff9fcaa7000 	C:\Windows\SYSTEM32\WINMM.dll
0x00007ff9feaf0000 - 0x00007ff9feafa000 	C:\Windows\SYSTEM32\VERSION.dll
0x00007ffa02760000 - 0x00007ffa02772000 	C:\Windows\SYSTEM32\kernel.appcore.dll
0x00007ff9ff630000 - 0x00007ff9ff63a000 	c:\Users\User\.vscode\extensions\redhat.java-1.13.0-win32-x64\jre\17.0.5-win32-x86_64\bin\jimage.dll
0x00007ff9fe270000 - 0x00007ff9fe454000 	C:\Windows\SYSTEM32\DBGHELP.DLL
0x00007ff9f2140000 - 0x00007ff9f2175000 	C:\Windows\SYSTEM32\dbgcore.DLL
0x00007ffa04bd0000 - 0x00007ffa04c52000 	C:\Windows\System32\bcryptPrimitives.dll
0x00007ff9e6560000 - 0x00007ff9e6585000 	c:\Users\User\.vscode\extensions\redhat.java-1.13.0-win32-x64\jre\17.0.5-win32-x86_64\bin\java.dll
0x00007ff9f6d70000 - 0x00007ff9f6d88000 	c:\Users\User\.vscode\extensions\redhat.java-1.13.0-win32-x64\jre\17.0.5-win32-x86_64\bin\zip.dll
0x00007ffa06040000 - 0x00007ffa06784000 	C:\Windows\System32\SHELL32.dll
0x00007ffa02960000 - 0x00007ffa030f2000 	C:\Windows\SYSTEM32\windows.storage.dll
0x00007ffa05320000 - 0x00007ffa05675000 	C:\Windows\System32\combase.dll
0x00007ffa04200000 - 0x00007ffa04230000 	C:\Windows\SYSTEM32\Wldp.dll
0x00007ffa068c0000 - 0x00007ffa0696d000 	C:\Windows\System32\SHCORE.dll
0x00007ffa06d20000 - 0x00007ffa06d75000 	C:\Windows\System32\shlwapi.dll
0x00007ffa047c0000 - 0x00007ffa047df000 	C:\Windows\SYSTEM32\profapi.dll
0x00007ff9f47e0000 - 0x00007ff9f47f9000 	C:\Users\User\.vscode\extensions\redhat.java-1.13.0-win32-x64\jre\17.0.5-win32-x86_64\bin\net.dll
0x00007ff9fcd20000 - 0x00007ff9fce2c000 	C:\Windows\SYSTEM32\WINHTTP.dll
0x00007ffa03f60000 - 0x00007ffa03fca000 	C:\Windows\system32\mswsock.dll
0x00007ff9e3ec0000 - 0x00007ff9e3ed5000 	C:\Users\User\.vscode\extensions\redhat.java-1.13.0-win32-x64\jre\17.0.5-win32-x86_64\bin\nio.dll
0x00007ff9fbd40000 - 0x00007ff9fbd50000 	c:\Users\User\.vscode\extensions\redhat.java-1.13.0-win32-x64\jre\17.0.5-win32-x86_64\bin\verify.dll
0x00007ffa04160000 - 0x00007ffa04178000 	C:\Windows\SYSTEM32\CRYPTSP.dll
0x00007ffa03880000 - 0x00007ffa038b4000 	C:\Windows\system32\rsaenh.dll
0x00007ffa04ba0000 - 0x00007ffa04bc7000 	C:\Windows\System32\bcrypt.dll
0x00007ffa04780000 - 0x00007ffa047ae000 	C:\Windows\SYSTEM32\USERENV.dll
0x00007ffa04150000 - 0x00007ffa0415c000 	C:\Windows\SYSTEM32\CRYPTBASE.dll
0x00007ffa03c50000 - 0x00007ffa03c8b000 	C:\Windows\SYSTEM32\IPHLPAPI.DLL
0x00007ffa06d10000 - 0x00007ffa06d18000 	C:\Windows\System32\NSI.dll
0x00007ff9fd7f0000 - 0x00007ff9fd807000 	C:\Windows\SYSTEM32\dhcpcsvc6.DLL
0x00007ff9feb00000 - 0x00007ff9feb1d000 	C:\Windows\SYSTEM32\dhcpcsvc.DLL
0x00007ffa03c90000 - 0x00007ffa03d5a000 	C:\Windows\SYSTEM32\DNSAPI.dll
0x00007ff9fb920000 - 0x00007ff9fb929000 	C:\Users\User\.vscode\extensions\redhat.java-1.13.0-win32-x64\jre\17.0.5-win32-x86_64\bin\management.dll
0x00007ff9fb360000 - 0x00007ff9fb36b000 	C:\Users\User\.vscode\extensions\redhat.java-1.13.0-win32-x64\jre\17.0.5-win32-x86_64\bin\management_ext.dll
0x00007ffa05770000 - 0x00007ffa05778000 	C:\Windows\System32\PSAPI.DLL
0x00007ff9fa710000 - 0x00007ff9fa71e000 	C:\Users\User\.vscode\extensions\redhat.java-1.13.0-win32-x64\jre\17.0.5-win32-x86_64\bin\sunmscapi.dll
0x00007ffa04940000 - 0x00007ffa04a96000 	C:\Windows\System32\CRYPT32.dll
0x00007ffa04270000 - 0x00007ffa04297000 	C:\Windows\SYSTEM32\ncrypt.dll
0x00007ffa04230000 - 0x00007ffa0426b000 	C:\Windows\SYSTEM32\NTASN1.dll
0x00007ff9f54c0000 - 0x00007ff9f54ca000 	C:\Windows\System32\rasadhlp.dll
0x00007ff9f5c40000 - 0x00007ff9f5cc0000 	C:\Windows\System32\fwpuclnt.dll
0x000000006c500000 - 0x000000006c5c7000 	C:\Users\User\AppData\Local\Temp\snappy-1.1.8-8913774d-5802-424e-aa5c-8ed98c13d5d7-snappyjava.dll

dbghelp: loaded successfully - version: 4.0.5 - missing functions: none
symbol engine: initialized successfully - sym options: 0x614 - pdb path: .;c:\Users\User\.vscode\extensions\redhat.java-1.13.0-win32-x64\jre\17.0.5-win32-x86_64\bin;C:\Windows\SYSTEM32;C:\Windows\WinSxS\amd64_microsoft.windows.common-controls_6595b64144ccf1df_6.0.19041.1110_none_60b5254171f9507e;c:\Users\User\.vscode\extensions\redhat.java-1.13.0-win32-x64\jre\17.0.5-win32-x86_64\bin\server;C:\Users\User\AppData\Local\Temp

VM Arguments:
jvm_args: -Dsts.lsp.client=vscode -Dsts.log.file=/dev/null -XX:TieredStopAtLevel=1 -Xlog:jni+resolve=off -Dspring.config.location=file:c:\Users\User\.vscode\extensions\pivotal.vscode-spring-boot-1.43.0\language-server\BOOT-INF\classes\application.properties 
java_command: org.springframework.ide.vscode.boot.app.BootLanguageServerBootApp
java_class_path (initial): c:\Users\User\.vscode\extensions\pivotal.vscode-spring-boot-1.43.0\language-server\BOOT-INF\classes;c:\Users\User\.vscode\extensions\pivotal.vscode-spring-boot-1.43.0\language-server\BOOT-INF\lib\annotations-23.1.0.jar;c:\Users\User\.vscode\extensions\pivotal.vscode-spring-boot-1.43.0\language-server\BOOT-INF\lib\ant-1.10.12.jar;c:\Users\User\.vscode\extensions\pivotal.vscode-spring-boot-1.43.0\language-server\BOOT-INF\lib\ant-launcher-1.10.12.jar;c:\Users\User\.vscode\extensions\pivotal.vscode-spring-boot-1.43.0\language-server\BOOT-INF\lib\antlr-runtime-3.5.2.jar;c:\Users\User\.vscode\extensions\pivotal.vscode-spring-boot-1.43.0\language-server\BOOT-INF\lib\antlr4-4.9.3.jar;c:\Users\User\.vscode\extensions\pivotal.vscode-spring-boot-1.43.0\language-server\BOOT-INF\lib\antlr4-runtime-4.9.3.jar;c:\Users\User\.vscode\extensions\pivotal.vscode-spring-boot-1.43.0\language-server\BOOT-INF\lib\apiguardian-api-1.1.2.jar;c:\Users\User\.vscode\extensions\pivotal.vscode-spring-boot-1.43.0\language-server\BOOT-INF\lib\asm-9.4.jar;c:\Users\User\.vscode\extensions\pivotal.vscode-spring-boot-1.43.0\language-server\BOOT-INF\lib\asm-analysis-9.4.jar;c:\Users\User\.vscode\extensions\pivotal.vscode-spring-boot-1.43.0\language-server\BOOT-INF\lib\asm-tree-9.4.jar;c:\Users\User\.vscode\extensions\pivotal.vscode-spring-boot-1.43.0\language-server\BOOT-INF\lib\asm-util-9.4.jar;c:\Users\User\.vscode\extensions\pivotal.vscode-spring-boot-1.43.0\language-server\BOOT-INF\lib\caffeine-3.1.2.jar;c:\Users\User\.vscode\extensions\pivotal.vscode-spring-boot-1.43.0\language-server\BOOT-INF\lib\checker-qual-3.12.0.jar;c:\Users\User\.vscode\extensions\pivotal.vscode-spring-boot-1.43.0\language-server\BOOT-INF\lib\ci-environment-9.1.0.jar;c:\Users\User\.vscode\extensions\pivotal.vscode-spring-boot-1.43.0\language-server\BOOT-INF\lib\classgraph-4.8.149.jar;c:\Users\User\.vscode\extensions\pivotal.vscode-spring-boot-1.43.0\language-server\BOOT-INF\lib\commons-codec-1.15.ja
Launcher Type: SUN_STANDARD

[Global flags]
     intx CICompilerCount                          = 3                                         {product} {ergonomic}
     uint ConcGCThreads                            = 1                                         {product} {ergonomic}
     uint G1ConcRefinementThreads                  = 4                                         {product} {ergonomic}
   size_t G1HeapRegionSize                         = 1048576                                   {product} {ergonomic}
    uintx GCDrainStackTargetSize                   = 64                                        {product} {ergonomic}
   size_t InitialHeapSize                          = 100663296                                 {product} {ergonomic}
   size_t MarkStackSize                            = 4194304                                   {product} {ergonomic}
   size_t MaxHeapSize                              = 1598029824                                {product} {ergonomic}
   size_t MaxNewSize                               = 958398464                                 {product} {ergonomic}
   size_t MinHeapDeltaBytes                        = 1048576                                   {product} {ergonomic}
   size_t MinHeapSize                              = 8388608                                   {product} {ergonomic}
    uintx NonProfiledCodeHeapSize                  = 0                                      {pd product} {ergonomic}
     bool ProfileInterpreter                       = false                                  {pd product} {command line}
    uintx ProfiledCodeHeapSize                     = 0                                      {pd product} {ergonomic}
   size_t SoftMaxHeapSize                          = 1598029824                             {manageable} {ergonomic}
     intx TieredStopAtLevel                        = 1                                         {product} {command line}
     bool UseCompressedClassPointers               = true                           {product lp64_product} {ergonomic}
     bool UseCompressedOops                        = true                           {product lp64_product} {ergonomic}
     bool UseG1GC                                  = true                                      {product} {ergonomic}
     bool UseLargePagesIndividualAllocation        = false                                  {pd product} {ergonomic}

Logging:
Log output configuration:
 #0: stdout all=warning,jni+resolve=off uptime,level,tags
 #1: stderr all=off uptime,level,tags

Environment Variables:
JAVA_HOME=C:\Users\User\AppData\Local\Programs\Eclipse Adoptium\jdk-17.0.5.8-hotspot\
PATH=I:\app\User\product\11.2.0\dbhome_1\bin;C:\Windows\system32;C:\Windows;C:\Windows\System32\Wbem;C:\Windows\System32\WindowsPowerShell\v1.0\;C:\Windows\System32\OpenSSH\;C:\Program Files (x86)\dotnet\;C:\Program Files\Git\cmd;C:\Program Files\Dart\dart-sdk\bin;C:\Program Files\nodejs\;C:\Program Files\MySQL\MySQL Shell 8.0\bin\;C:\Users\User\AppData\Local\Programs\Eclipse Adoptium\jdk-17.0.5.8-hotspot\bin;C:\Users\User\AppData\Local\Microsoft\WindowsApps;C:\Program Files\JetBrains\IntelliJ IDEA Community Edition 2022.1\bin;;H:\JAVA related Softwares\flutter\bin;C:\src\flutter\bin;C:\Users\User\AppData\Local\Programs\Microsoft VS Code\bin;C:\Users\User\AppData\Roaming\npm;C:\Users\User\AppData\Local\GitHubDesktop\bin
USERNAME=User
OS=Windows_NT
PROCESSOR_IDENTIFIER=AMD64 Family 23 Model 24 Stepping 1, AuthenticAMD
TMP=C:\Users\User\AppData\Local\Temp
TEMP=C:\Users\User\AppData\Local\Temp



---------------  S Y S T E M  ---------------

OS:
 Windows 10 , 64 bit Build 19041 (10.0.19041.2364)
OS uptime: 1 days 12:04 hours

CPU: total 4 (initial active 4) (4 cores per cpu, 1 threads per core) family 23 model 24 stepping 1 microcode 0x0, cx8, cmov, fxsr, mmx, 3dnowpref, sse, sse2, sse3, ssse3, sse4a, sse4.1, sse4.2, popcnt, lzcnt, tsc, tscinvbit, avx, avx2, aes, clmul, bmi1, bmi2, adx, sha, fma, vzeroupper, clflush, clflushopt

Memory: 4k page, system-wide physical 6092M (737M free)
TotalPageFile size 19404M (AvailPageFile size 8577M)
current process WorkingSet (physical memory assigned to process): 390M, peak: 924M
current process commit charge ("private bytes"): 465M, peak: 1317M

vm_info: OpenJDK 64-Bit Server VM (17.0.5+8) for windows-amd64 JRE (17.0.5+8), built on Oct 19 2022 04:48:13 by "temurin" with MS VC++ 16.7 (VS2019)

END.
